2025-07-09 13:48:10 [[31merror[39m]: uncaughtException: jjjjjjjjjjj
Error: jjjjjjjjjjj
    at Object.<anonymous> (D:\Projects\richard_booking_project\app.js:22:7)
    at Module._compile (node:internal/modules/cjs/loader:1554:14)
    at Object..js (node:internal/modules/cjs/loader:1706:10)
    at Module.load (node:internal/modules/cjs/loader:1289:32)
    at Function._load (node:internal/modules/cjs/loader:1108:12)
    at TracingChannel.traceSync (node:diagnostics_channel:322:14)
    at wrapModuleLoad (node:internal/modules/cjs/loader:220:24)
    at Function.executeUserEntryPoint [as runMain] (node:internal/modules/run_main:170:5)
    at node:internal/main/run_main_module:36:49
Error: jjjjjjjjjjj
    at Object.<anonymous> (D:\Projects\richard_booking_project\app.js:22:7)
    at Module._compile (node:internal/modules/cjs/loader:1554:14)
    at Object..js (node:internal/modules/cjs/loader:1706:10)
    at Module.load (node:internal/modules/cjs/loader:1289:32)
    at Function._load (node:internal/modules/cjs/loader:1108:12)
    at TracingChannel.traceSync (node:diagnostics_channel:322:14)
    at wrapModuleLoad (node:internal/modules/cjs/loader:220:24)
    at Function.executeUserEntryPoint [as runMain] (node:internal/modules/run_main:170:5)
    at node:internal/main/run_main_module:36:49
2025-07-09 13:57:42 [[31merror[39m]: uncaughtException: uri is not defined
ReferenceError: uri is not defined
    at module.exports (D:\Projects\richard_booking_project\middlewares\security.js:17:45)
    at Object.<anonymous> (D:\Projects\richard_booking_project\app.js:26:34)
    at Module._compile (node:internal/modules/cjs/loader:1554:14)
    at Object..js (node:internal/modules/cjs/loader:1706:10)
    at Module.load (node:internal/modules/cjs/loader:1289:32)
    at Function._load (node:internal/modules/cjs/loader:1108:12)
    at TracingChannel.traceSync (node:diagnostics_channel:322:14)
    at wrapModuleLoad (node:internal/modules/cjs/loader:220:24)
    at Function.executeUserEntryPoint [as runMain] (node:internal/modules/run_main:170:5)
    at node:internal/main/run_main_module:36:49
ReferenceError: uri is not defined
    at module.exports (D:\Projects\richard_booking_project\middlewares\security.js:17:45)
    at Object.<anonymous> (D:\Projects\richard_booking_project\app.js:26:34)
    at Module._compile (node:internal/modules/cjs/loader:1554:14)
    at Object..js (node:internal/modules/cjs/loader:1706:10)
    at Module.load (node:internal/modules/cjs/loader:1289:32)
    at Function._load (node:internal/modules/cjs/loader:1108:12)
    at TracingChannel.traceSync (node:diagnostics_channel:322:14)
    at wrapModuleLoad (node:internal/modules/cjs/loader:220:24)
    at Function.executeUserEntryPoint [as runMain] (node:internal/modules/run_main:170:5)
    at node:internal/main/run_main_module:36:49
2025-07-09 14:03:01 [[31merror[39m]: uncaughtException: Cannot find module './routes/flights'
Require stack:
- D:\Projects\richard_booking_project\routes\index.js
- D:\Projects\richard_booking_project\app.js
Error: Cannot find module './routes/flights'
Require stack:
- D:\Projects\richard_booking_project\routes\index.js
- D:\Projects\richard_booking_project\app.js
    at Function._resolveFilename (node:internal/modules/cjs/loader:1225:15)
    at Function._load (node:internal/modules/cjs/loader:1055:27)
    at TracingChannel.traceSync (node:diagnostics_channel:322:14)
    at wrapModuleLoad (node:internal/modules/cjs/loader:220:24)
    at Module.require (node:internal/modules/cjs/loader:1311:12)
    at require (node:internal/modules/helpers:136:16)
    at Object.<anonymous> (D:\Projects\richard_booking_project\routes\index.js:3:23)
    at Module._compile (node:internal/modules/cjs/loader:1554:14)
    at Object..js (node:internal/modules/cjs/loader:1706:10)
    at Module.load (node:internal/modules/cjs/loader:1289:32)
Error: Cannot find module './routes/flights'
Require stack:
- D:\Projects\richard_booking_project\routes\index.js
- D:\Projects\richard_booking_project\app.js
    at Function._resolveFilename (node:internal/modules/cjs/loader:1225:15)
    at Function._load (node:internal/modules/cjs/loader:1055:27)
    at TracingChannel.traceSync (node:diagnostics_channel:322:14)
    at wrapModuleLoad (node:internal/modules/cjs/loader:220:24)
    at Module.require (node:internal/modules/cjs/loader:1311:12)
    at require (node:internal/modules/helpers:136:16)
    at Object.<anonymous> (D:\Projects\richard_booking_project\routes\index.js:3:23)
    at Module._compile (node:internal/modules/cjs/loader:1554:14)
    at Object..js (node:internal/modules/cjs/loader:1706:10)
    at Module.load (node:internal/modules/cjs/loader:1289:32)
2025-07-09 14:03:52 [[31merror[39m]: uncaughtException: Cannot find module './routes/flights'
Require stack:
- D:\Projects\richard_booking_project\routes\index.js
- D:\Projects\richard_booking_project\app.js
Error: Cannot find module './routes/flights'
Require stack:
- D:\Projects\richard_booking_project\routes\index.js
- D:\Projects\richard_booking_project\app.js
    at Function._resolveFilename (node:internal/modules/cjs/loader:1225:15)
    at Function._load (node:internal/modules/cjs/loader:1055:27)
    at TracingChannel.traceSync (node:diagnostics_channel:322:14)
    at wrapModuleLoad (node:internal/modules/cjs/loader:220:24)
    at Module.require (node:internal/modules/cjs/loader:1311:12)
    at require (node:internal/modules/helpers:136:16)
    at Object.<anonymous> (D:\Projects\richard_booking_project\routes\index.js:3:23)
    at Module._compile (node:internal/modules/cjs/loader:1554:14)
    at Object..js (node:internal/modules/cjs/loader:1706:10)
    at Module.load (node:internal/modules/cjs/loader:1289:32)
Error: Cannot find module './routes/flights'
Require stack:
- D:\Projects\richard_booking_project\routes\index.js
- D:\Projects\richard_booking_project\app.js
    at Function._resolveFilename (node:internal/modules/cjs/loader:1225:15)
    at Function._load (node:internal/modules/cjs/loader:1055:27)
    at TracingChannel.traceSync (node:diagnostics_channel:322:14)
    at wrapModuleLoad (node:internal/modules/cjs/loader:220:24)
    at Module.require (node:internal/modules/cjs/loader:1311:12)
    at require (node:internal/modules/helpers:136:16)
    at Object.<anonymous> (D:\Projects\richard_booking_project\routes\index.js:3:23)
    at Module._compile (node:internal/modules/cjs/loader:1554:14)
    at Object..js (node:internal/modules/cjs/loader:1706:10)
    at Module.load (node:internal/modules/cjs/loader:1289:32)
2025-07-09 14:05:30 [[31merror[39m]: uncaughtException: Cannot find module './routes/flights'
Require stack:
- D:\Projects\richard_booking_project\routes\index.js
- D:\Projects\richard_booking_project\app.js
Error: Cannot find module './routes/flights'
Require stack:
- D:\Projects\richard_booking_project\routes\index.js
- D:\Projects\richard_booking_project\app.js
    at Function._resolveFilename (node:internal/modules/cjs/loader:1225:15)
    at Function._load (node:internal/modules/cjs/loader:1055:27)
    at TracingChannel.traceSync (node:diagnostics_channel:322:14)
    at wrapModuleLoad (node:internal/modules/cjs/loader:220:24)
    at Module.require (node:internal/modules/cjs/loader:1311:12)
    at require (node:internal/modules/helpers:136:16)
    at Object.<anonymous> (D:\Projects\richard_booking_project\routes\index.js:3:23)
    at Module._compile (node:internal/modules/cjs/loader:1554:14)
    at Object..js (node:internal/modules/cjs/loader:1706:10)
    at Module.load (node:internal/modules/cjs/loader:1289:32)
Error: Cannot find module './routes/flights'
Require stack:
- D:\Projects\richard_booking_project\routes\index.js
- D:\Projects\richard_booking_project\app.js
    at Function._resolveFilename (node:internal/modules/cjs/loader:1225:15)
    at Function._load (node:internal/modules/cjs/loader:1055:27)
    at TracingChannel.traceSync (node:diagnostics_channel:322:14)
    at wrapModuleLoad (node:internal/modules/cjs/loader:220:24)
    at Module.require (node:internal/modules/cjs/loader:1311:12)
    at require (node:internal/modules/helpers:136:16)
    at Object.<anonymous> (D:\Projects\richard_booking_project\routes\index.js:3:23)
    at Module._compile (node:internal/modules/cjs/loader:1554:14)
    at Object..js (node:internal/modules/cjs/loader:1706:10)
    at Module.load (node:internal/modules/cjs/loader:1289:32)
2025-07-09 14:06:09 [[31merror[39m]: uncaughtException: Cannot find module './routes/flights'
Require stack:
- D:\Projects\richard_booking_project\routes\index.js
- D:\Projects\richard_booking_project\app.js
Error: Cannot find module './routes/flights'
Require stack:
- D:\Projects\richard_booking_project\routes\index.js
- D:\Projects\richard_booking_project\app.js
    at Function._resolveFilename (node:internal/modules/cjs/loader:1225:15)
    at Function._load (node:internal/modules/cjs/loader:1055:27)
    at TracingChannel.traceSync (node:diagnostics_channel:322:14)
    at wrapModuleLoad (node:internal/modules/cjs/loader:220:24)
    at Module.require (node:internal/modules/cjs/loader:1311:12)
    at require (node:internal/modules/helpers:136:16)
    at Object.<anonymous> (D:\Projects\richard_booking_project\routes\index.js:3:23)
    at Module._compile (node:internal/modules/cjs/loader:1554:14)
    at Object..js (node:internal/modules/cjs/loader:1706:10)
    at Module.load (node:internal/modules/cjs/loader:1289:32)
Error: Cannot find module './routes/flights'
Require stack:
- D:\Projects\richard_booking_project\routes\index.js
- D:\Projects\richard_booking_project\app.js
    at Function._resolveFilename (node:internal/modules/cjs/loader:1225:15)
    at Function._load (node:internal/modules/cjs/loader:1055:27)
    at TracingChannel.traceSync (node:diagnostics_channel:322:14)
    at wrapModuleLoad (node:internal/modules/cjs/loader:220:24)
    at Module.require (node:internal/modules/cjs/loader:1311:12)
    at require (node:internal/modules/helpers:136:16)
    at Object.<anonymous> (D:\Projects\richard_booking_project\routes\index.js:3:23)
    at Module._compile (node:internal/modules/cjs/loader:1554:14)
    at Object..js (node:internal/modules/cjs/loader:1706:10)
    at Module.load (node:internal/modules/cjs/loader:1289:32)
2025-07-09 14:06:28 [[31merror[39m]: uncaughtException: Cannot find module './routes/flights'
Require stack:
- D:\Projects\richard_booking_project\routes\index.js
- D:\Projects\richard_booking_project\app.js
Error: Cannot find module './routes/flights'
Require stack:
- D:\Projects\richard_booking_project\routes\index.js
- D:\Projects\richard_booking_project\app.js
    at Function._resolveFilename (node:internal/modules/cjs/loader:1225:15)
    at Function._load (node:internal/modules/cjs/loader:1055:27)
    at TracingChannel.traceSync (node:diagnostics_channel:322:14)
    at wrapModuleLoad (node:internal/modules/cjs/loader:220:24)
    at Module.require (node:internal/modules/cjs/loader:1311:12)
    at require (node:internal/modules/helpers:136:16)
    at Object.<anonymous> (D:\Projects\richard_booking_project\routes\index.js:3:23)
    at Module._compile (node:internal/modules/cjs/loader:1554:14)
    at Object..js (node:internal/modules/cjs/loader:1706:10)
    at Module.load (node:internal/modules/cjs/loader:1289:32)
Error: Cannot find module './routes/flights'
Require stack:
- D:\Projects\richard_booking_project\routes\index.js
- D:\Projects\richard_booking_project\app.js
    at Function._resolveFilename (node:internal/modules/cjs/loader:1225:15)
    at Function._load (node:internal/modules/cjs/loader:1055:27)
    at TracingChannel.traceSync (node:diagnostics_channel:322:14)
    at wrapModuleLoad (node:internal/modules/cjs/loader:220:24)
    at Module.require (node:internal/modules/cjs/loader:1311:12)
    at require (node:internal/modules/helpers:136:16)
    at Object.<anonymous> (D:\Projects\richard_booking_project\routes\index.js:3:23)
    at Module._compile (node:internal/modules/cjs/loader:1554:14)
    at Object..js (node:internal/modules/cjs/loader:1706:10)
    at Module.load (node:internal/modules/cjs/loader:1289:32)
2025-07-09 14:08:28 [[31merror[39m]: uncaughtException: Cannot find module './routes/flights'
Require stack:
- D:\Projects\richard_booking_project\routes\index.js
- D:\Projects\richard_booking_project\app.js
Error: Cannot find module './routes/flights'
Require stack:
- D:\Projects\richard_booking_project\routes\index.js
- D:\Projects\richard_booking_project\app.js
    at Function._resolveFilename (node:internal/modules/cjs/loader:1225:15)
    at Function._load (node:internal/modules/cjs/loader:1055:27)
    at TracingChannel.traceSync (node:diagnostics_channel:322:14)
    at wrapModuleLoad (node:internal/modules/cjs/loader:220:24)
    at Module.require (node:internal/modules/cjs/loader:1311:12)
    at require (node:internal/modules/helpers:136:16)
    at Object.<anonymous> (D:\Projects\richard_booking_project\routes\index.js:3:23)
    at Module._compile (node:internal/modules/cjs/loader:1554:14)
    at Object..js (node:internal/modules/cjs/loader:1706:10)
    at Module.load (node:internal/modules/cjs/loader:1289:32)
Error: Cannot find module './routes/flights'
Require stack:
- D:\Projects\richard_booking_project\routes\index.js
- D:\Projects\richard_booking_project\app.js
    at Function._resolveFilename (node:internal/modules/cjs/loader:1225:15)
    at Function._load (node:internal/modules/cjs/loader:1055:27)
    at TracingChannel.traceSync (node:diagnostics_channel:322:14)
    at wrapModuleLoad (node:internal/modules/cjs/loader:220:24)
    at Module.require (node:internal/modules/cjs/loader:1311:12)
    at require (node:internal/modules/helpers:136:16)
    at Object.<anonymous> (D:\Projects\richard_booking_project\routes\index.js:3:23)
    at Module._compile (node:internal/modules/cjs/loader:1554:14)
    at Object..js (node:internal/modules/cjs/loader:1706:10)
    at Module.load (node:internal/modules/cjs/loader:1289:32)
2025-07-09 14:09:02 [[31merror[39m]: uncaughtException: Cannot find module './routes/flights'
Require stack:
- D:\Projects\richard_booking_project\routes\index.js
- D:\Projects\richard_booking_project\app.js
Error: Cannot find module './routes/flights'
Require stack:
- D:\Projects\richard_booking_project\routes\index.js
- D:\Projects\richard_booking_project\app.js
    at Function._resolveFilename (node:internal/modules/cjs/loader:1225:15)
    at Function._load (node:internal/modules/cjs/loader:1055:27)
    at TracingChannel.traceSync (node:diagnostics_channel:322:14)
    at wrapModuleLoad (node:internal/modules/cjs/loader:220:24)
    at Module.require (node:internal/modules/cjs/loader:1311:12)
    at require (node:internal/modules/helpers:136:16)
    at Object.<anonymous> (D:\Projects\richard_booking_project\routes\index.js:3:23)
    at Module._compile (node:internal/modules/cjs/loader:1554:14)
    at Object..js (node:internal/modules/cjs/loader:1706:10)
    at Module.load (node:internal/modules/cjs/loader:1289:32)
Error: Cannot find module './routes/flights'
Require stack:
- D:\Projects\richard_booking_project\routes\index.js
- D:\Projects\richard_booking_project\app.js
    at Function._resolveFilename (node:internal/modules/cjs/loader:1225:15)
    at Function._load (node:internal/modules/cjs/loader:1055:27)
    at TracingChannel.traceSync (node:diagnostics_channel:322:14)
    at wrapModuleLoad (node:internal/modules/cjs/loader:220:24)
    at Module.require (node:internal/modules/cjs/loader:1311:12)
    at require (node:internal/modules/helpers:136:16)
    at Object.<anonymous> (D:\Projects\richard_booking_project\routes\index.js:3:23)
    at Module._compile (node:internal/modules/cjs/loader:1554:14)
    at Object..js (node:internal/modules/cjs/loader:1706:10)
    at Module.load (node:internal/modules/cjs/loader:1289:32)
2025-07-09 14:09:40 [[31merror[39m]: uncaughtException: Cannot find module './routes/flights'
Require stack:
- D:\Projects\richard_booking_project\routes\index.js
- D:\Projects\richard_booking_project\app.js
Error: Cannot find module './routes/flights'
Require stack:
- D:\Projects\richard_booking_project\routes\index.js
- D:\Projects\richard_booking_project\app.js
    at Function._resolveFilename (node:internal/modules/cjs/loader:1225:15)
    at Function._load (node:internal/modules/cjs/loader:1055:27)
    at TracingChannel.traceSync (node:diagnostics_channel:322:14)
    at wrapModuleLoad (node:internal/modules/cjs/loader:220:24)
    at Module.require (node:internal/modules/cjs/loader:1311:12)
    at require (node:internal/modules/helpers:136:16)
    at Object.<anonymous> (D:\Projects\richard_booking_project\routes\index.js:3:23)
    at Module._compile (node:internal/modules/cjs/loader:1554:14)
    at Object..js (node:internal/modules/cjs/loader:1706:10)
    at Module.load (node:internal/modules/cjs/loader:1289:32)
Error: Cannot find module './routes/flights'
Require stack:
- D:\Projects\richard_booking_project\routes\index.js
- D:\Projects\richard_booking_project\app.js
    at Function._resolveFilename (node:internal/modules/cjs/loader:1225:15)
    at Function._load (node:internal/modules/cjs/loader:1055:27)
    at TracingChannel.traceSync (node:diagnostics_channel:322:14)
    at wrapModuleLoad (node:internal/modules/cjs/loader:220:24)
    at Module.require (node:internal/modules/cjs/loader:1311:12)
    at require (node:internal/modules/helpers:136:16)
    at Object.<anonymous> (D:\Projects\richard_booking_project\routes\index.js:3:23)
    at Module._compile (node:internal/modules/cjs/loader:1554:14)
    at Object..js (node:internal/modules/cjs/loader:1706:10)
    at Module.load (node:internal/modules/cjs/loader:1289:32)
