{"D:\\Projects\\richard_booking_project\\middlewares\\session.js": {"path":"D:\\Projects\\richard_booking_project\\middlewares\\session.js","statementMap":{"0":{"start":{"line":1,"column":14},"end":{"line":1,"column":30}},"1":{"start":{"line":2,"column":26},"end":{"line":2,"column":52}},"2":{"start":{"line":4,"column":4},"end":{"line":9,"column":5}},"3":{"start":{"line":5,"column":25},"end":{"line":5,"column":67}},"4":{"start":{"line":6,"column":8},"end":{"line":6,"column":49}},"5":{"start":{"line":8,"column":8},"end":{"line":8,"column":24}},"6":{"start":{"line":13,"column":4},"end":{"line":34,"column":6}},"7":{"start":{"line":14,"column":26},"end":{"line":14,"column":51}},"8":{"start":{"line":15,"column":26},"end":{"line":15,"column":84}},"9":{"start":{"line":16,"column":25},"end":{"line":16,"column":61}},"10":{"start":{"line":17,"column":24},"end":{"line":17,"column":57}},"11":{"start":{"line":20,"column":8},"end":{"line":33,"column":10}},"12":{"start":{"line":21,"column":12},"end":{"line":21,"column":81}},"13":{"start":{"line":21,"column":20},"end":{"line":21,"column":81}},"14":{"start":{"line":23,"column":12},"end":{"line":23,"column":41}},"15":{"start":{"line":24,"column":12},"end":{"line":24,"column":42}},"16":{"start":{"line":25,"column":12},"end":{"line":25,"column":45}},"17":{"start":{"line":26,"column":12},"end":{"line":26,"column":45}},"18":{"start":{"line":27,"column":12},"end":{"line":27,"column":43}},"19":{"start":{"line":28,"column":12},"end":{"line":28,"column":41}},"20":{"start":{"line":29,"column":12},"end":{"line":29,"column":47}},"21":{"start":{"line":31,"column":12},"end":{"line":31,"column":75}},"22":{"start":{"line":37,"column":0},"end":{"line":37,"column":50}}},"fnMap":{"0":{"name":"getCountryFromIP","decl":{"start":{"line":3,"column":15},"end":{"line":3,"column":31}},"loc":{"start":{"line":3,"column":35},"end":{"line":10,"column":1}},"line":3},"1":{"name":"createSession","decl":{"start":{"line":12,"column":15},"end":{"line":12,"column":28}},"loc":{"start":{"line":12,"column":39},"end":{"line":35,"column":1}},"line":12},"2":{"name":"(anonymous_2)","decl":{"start":{"line":13,"column":23},"end":{"line":13,"column":24}},"loc":{"start":{"line":13,"column":49},"end":{"line":34,"column":5}},"line":13},"3":{"name":"(anonymous_3)","decl":{"start":{"line":20,"column":31},"end":{"line":20,"column":32}},"loc":{"start":{"line":20,"column":40},"end":{"line":33,"column":9}},"line":20}},"branchMap":{"0":{"loc":{"start":{"line":6,"column":15},"end":{"line":6,"column":49}},"type":"binary-expr","locations":[{"start":{"line":6,"column":15},"end":{"line":6,"column":36}},{"start":{"line":6,"column":40},"end":{"line":6,"column":49}}],"line":6},"1":{"loc":{"start":{"line":15,"column":26},"end":{"line":15,"column":84}},"type":"binary-expr","locations":[{"start":{"line":15,"column":26},"end":{"line":15,"column":56}},{"start":{"line":15,"column":60},"end":{"line":15,"column":84}}],"line":15},"2":{"loc":{"start":{"line":16,"column":25},"end":{"line":16,"column":61}},"type":"binary-expr","locations":[{"start":{"line":16,"column":25},"end":{"line":16,"column":48}},{"start":{"line":16,"column":52},"end":{"line":16,"column":61}}],"line":16},"3":{"loc":{"start":{"line":21,"column":12},"end":{"line":21,"column":81}},"type":"if","locations":[{"start":{"line":21,"column":12},"end":{"line":21,"column":81}},{"start":{},"end":{}}],"line":21}},"s":{"0":1,"1":1,"2":1,"3":1,"4":1,"5":0,"6":0,"7":0,"8":0,"9":0,"10":0,"11":0,"12":0,"13":0,"14":0,"15":0,"16":0,"17":0,"18":0,"19":0,"20":0,"21":0,"22":1},"f":{"0":1,"1":0,"2":0,"3":0},"b":{"0":[1,1],"1":[0,0],"2":[0,0],"3":[0,0]},"_coverageSchema":"1a1c01bbd47fc00a2c39e90264f33305004495a9","hash":"1ff8e0a8da3b09873be604274b981881e88a1580"}
,"D:\\Projects\\richard_booking_project\\utils\\errors.js": {"path":"D:\\Projects\\richard_booking_project\\utils\\errors.js","statementMap":{"0":{"start":{"line":3,"column":8},"end":{"line":3,"column":23}},"1":{"start":{"line":4,"column":8},"end":{"line":4,"column":37}},"2":{"start":{"line":5,"column":8},"end":{"line":5,"column":56}},"3":{"start":{"line":11,"column":8},"end":{"line":11,"column":28}},"4":{"start":{"line":12,"column":8},"end":{"line":12,"column":30}},"5":{"start":{"line":13,"column":8},"end":{"line":13,"column":37}},"6":{"start":{"line":19,"column":8},"end":{"line":19,"column":28}},"7":{"start":{"line":20,"column":8},"end":{"line":20,"column":35}},"8":{"start":{"line":26,"column":8},"end":{"line":26,"column":28}},"9":{"start":{"line":27,"column":8},"end":{"line":27,"column":35}},"10":{"start":{"line":33,"column":8},"end":{"line":33,"column":28}},"11":{"start":{"line":34,"column":8},"end":{"line":34,"column":31}},"12":{"start":{"line":40,"column":8},"end":{"line":40,"column":28}},"13":{"start":{"line":41,"column":8},"end":{"line":41,"column":36}},"14":{"start":{"line":47,"column":8},"end":{"line":47,"column":28}},"15":{"start":{"line":48,"column":8},"end":{"line":48,"column":37}},"16":{"start":{"line":52,"column":0},"end":{"line":60,"column":1}}},"fnMap":{"0":{"name":"(anonymous_0)","decl":{"start":{"line":2,"column":4},"end":{"line":2,"column":5}},"loc":{"start":{"line":2,"column":42},"end":{"line":6,"column":5}},"line":2},"1":{"name":"(anonymous_1)","decl":{"start":{"line":10,"column":4},"end":{"line":10,"column":5}},"loc":{"start":{"line":10,"column":55},"end":{"line":14,"column":5}},"line":10},"2":{"name":"(anonymous_2)","decl":{"start":{"line":18,"column":4},"end":{"line":18,"column":5}},"loc":{"start":{"line":18,"column":54},"end":{"line":21,"column":5}},"line":18},"3":{"name":"(anonymous_3)","decl":{"start":{"line":25,"column":4},"end":{"line":25,"column":5}},"loc":{"start":{"line":25,"column":47},"end":{"line":28,"column":5}},"line":25},"4":{"name":"(anonymous_4)","decl":{"start":{"line":32,"column":4},"end":{"line":32,"column":5}},"loc":{"start":{"line":32,"column":50},"end":{"line":35,"column":5}},"line":32},"5":{"name":"(anonymous_5)","decl":{"start":{"line":39,"column":4},"end":{"line":39,"column":5}},"loc":{"start":{"line":39,"column":38},"end":{"line":42,"column":5}},"line":39},"6":{"name":"(anonymous_6)","decl":{"start":{"line":46,"column":4},"end":{"line":46,"column":5}},"loc":{"start":{"line":46,"column":40},"end":{"line":49,"column":5}},"line":46}},"branchMap":{"0":{"loc":{"start":{"line":2,"column":25},"end":{"line":2,"column":41}},"type":"default-arg","locations":[{"start":{"line":2,"column":38},"end":{"line":2,"column":41}}],"line":2},"1":{"loc":{"start":{"line":10,"column":25},"end":{"line":10,"column":54}},"type":"default-arg","locations":[{"start":{"line":10,"column":35},"end":{"line":10,"column":54}}],"line":10},"2":{"loc":{"start":{"line":18,"column":16},"end":{"line":18,"column":53}},"type":"default-arg","locations":[{"start":{"line":18,"column":26},"end":{"line":18,"column":53}}],"line":18},"3":{"loc":{"start":{"line":25,"column":16},"end":{"line":25,"column":46}},"type":"default-arg","locations":[{"start":{"line":25,"column":26},"end":{"line":25,"column":46}}],"line":25},"4":{"loc":{"start":{"line":32,"column":16},"end":{"line":32,"column":49}},"type":"default-arg","locations":[{"start":{"line":32,"column":26},"end":{"line":32,"column":49}}],"line":32},"5":{"loc":{"start":{"line":39,"column":16},"end":{"line":39,"column":37}},"type":"default-arg","locations":[{"start":{"line":39,"column":26},"end":{"line":39,"column":37}}],"line":39},"6":{"loc":{"start":{"line":46,"column":16},"end":{"line":46,"column":39}},"type":"default-arg","locations":[{"start":{"line":46,"column":26},"end":{"line":46,"column":39}}],"line":46}},"s":{"0":0,"1":0,"2":0,"3":0,"4":0,"5":0,"6":0,"7":0,"8":0,"9":0,"10":0,"11":0,"12":0,"13":0,"14":0,"15":0,"16":1},"f":{"0":0,"1":0,"2":0,"3":0,"4":0,"5":0,"6":0},"b":{"0":[0],"1":[0],"2":[0],"3":[0],"4":[0],"5":[0],"6":[0]},"_coverageSchema":"1a1c01bbd47fc00a2c39e90264f33305004495a9","hash":"401af921cccae349fe3ae1d734e13dfab1a173b0"}
}
