{"D:\\Projects\\richard_booking_project\\app.js": {"path":"D:\\Projects\\richard_booking_project\\app.js","statementMap":{"0":{"start":{"line":1,"column":0},"end":{"line":1,"column":32}},"1":{"start":{"line":2,"column":0},"end":{"line":2,"column":27}},"2":{"start":{"line":3,"column":16},"end":{"line":3,"column":34}},"3":{"start":{"line":4,"column":15},"end":{"line":4,"column":40}},"4":{"start":{"line":7,"column":12},"end":{"line":7,"column":21}},"5":{"start":{"line":8,"column":0},"end":{"line":8,"column":31}},"6":{"start":{"line":9,"column":0},"end":{"line":9,"column":38}},"7":{"start":{"line":10,"column":0},"end":{"line":10,"column":25}},"8":{"start":{"line":11,"column":0},"end":{"line":11,"column":36}},"9":{"start":{"line":14,"column":50},"end":{"line":14,"column":82}},"10":{"start":{"line":15,"column":0},"end":{"line":17,"column":3}},"11":{"start":{"line":16,"column":4},"end":{"line":16,"column":66}},"12":{"start":{"line":19,"column":0},"end":{"line":21,"column":3}},"13":{"start":{"line":20,"column":4},"end":{"line":20,"column":59}},"14":{"start":{"line":24,"column":0},"end":{"line":24,"column":25}}},"fnMap":{"0":{"name":"(anonymous_0)","decl":{"start":{"line":15,"column":25},"end":{"line":15,"column":26}},"loc":{"start":{"line":15,"column":31},"end":{"line":17,"column":1}},"line":15},"1":{"name":"(anonymous_1)","decl":{"start":{"line":19,"column":28},"end":{"line":19,"column":29}},"loc":{"start":{"line":19,"column":34},"end":{"line":21,"column":1}},"line":19}},"branchMap":{},"s":{"0":1,"1":1,"2":1,"3":1,"4":1,"5":1,"6":1,"7":1,"8":1,"9":1,"10":1,"11":1,"12":1,"13":1,"14":1},"f":{"0":1,"1":1},"b":{},"_coverageSchema":"1a1c01bbd47fc00a2c39e90264f33305004495a9","hash":"74dfc49da00914499c87c7a2e9ceacca5e0e80fe"}
,"D:\\Projects\\richard_booking_project\\configs\\database.js": {"path":"D:\\Projects\\richard_booking_project\\configs\\database.js","statementMap":{"0":{"start":{"line":1,"column":0},"end":{"line":1,"column":27}},"1":{"start":{"line":2,"column":17},"end":{"line":2,"column":36}},"2":{"start":{"line":3,"column":15},"end":{"line":3,"column":41}},"3":{"start":{"line":6,"column":0},"end":{"line":8,"column":1}},"4":{"start":{"line":7,"column":4},"end":{"line":7,"column":99}}},"fnMap":{"0":{"name":"(anonymous_0)","decl":{"start":{"line":6,"column":17},"end":{"line":6,"column":18}},"loc":{"start":{"line":6,"column":23},"end":{"line":8,"column":1}},"line":6}},"branchMap":{},"s":{"0":1,"1":1,"2":1,"3":1,"4":1},"f":{"0":1},"b":{},"_coverageSchema":"1a1c01bbd47fc00a2c39e90264f33305004495a9","hash":"41bf2fc0f941eac65a5e385d2257dbc63455ca91"}
,"D:\\Projects\\richard_booking_project\\configs\\server.js": {"path":"D:\\Projects\\richard_booking_project\\configs\\server.js","statementMap":{"0":{"start":{"line":1,"column":11},"end":{"line":1,"column":24}},"1":{"start":{"line":2,"column":13},"end":{"line":2,"column":28}},"2":{"start":{"line":3,"column":14},"end":{"line":3,"column":30}},"3":{"start":{"line":5,"column":0},"end":{"line":23,"column":1}},"4":{"start":{"line":6,"column":17},"end":{"line":6,"column":41}},"5":{"start":{"line":7,"column":21},"end":{"line":7,"column":48}},"6":{"start":{"line":9,"column":20},"end":{"line":12,"column":5}},"7":{"start":{"line":14,"column":24},"end":{"line":14,"column":56}},"8":{"start":{"line":16,"column":23},"end":{"line":20,"column":6}},"9":{"start":{"line":17,"column":21},"end":{"line":17,"column":81}},"10":{"start":{"line":18,"column":27},"end":{"line":18,"column":60}},"11":{"start":{"line":19,"column":8},"end":{"line":19,"column":89}},"12":{"start":{"line":22,"column":4},"end":{"line":22,"column":52}}},"fnMap":{"0":{"name":"(anonymous_0)","decl":{"start":{"line":5,"column":17},"end":{"line":5,"column":18}},"loc":{"start":{"line":5,"column":26},"end":{"line":23,"column":1}},"line":5},"1":{"name":"(anonymous_1)","decl":{"start":{"line":16,"column":41},"end":{"line":16,"column":42}},"loc":{"start":{"line":16,"column":55},"end":{"line":20,"column":5}},"line":16}},"branchMap":{"0":{"loc":{"start":{"line":6,"column":17},"end":{"line":6,"column":41}},"type":"binary-expr","locations":[{"start":{"line":6,"column":17},"end":{"line":6,"column":33}},{"start":{"line":6,"column":37},"end":{"line":6,"column":41}}],"line":6},"1":{"loc":{"start":{"line":7,"column":21},"end":{"line":7,"column":48}},"type":"binary-expr","locations":[{"start":{"line":7,"column":21},"end":{"line":7,"column":42}},{"start":{"line":7,"column":46},"end":{"line":7,"column":48}}],"line":7},"2":{"loc":{"start":{"line":17,"column":21},"end":{"line":17,"column":81}},"type":"binary-expr","locations":[{"start":{"line":17,"column":21},"end":{"line":17,"column":66}},{"start":{"line":17,"column":70},"end":{"line":17,"column":81}}],"line":17},"3":{"loc":{"start":{"line":18,"column":27},"end":{"line":18,"column":60}},"type":"cond-expr","locations":[{"start":{"line":18,"column":51},"end":{"line":18,"column":54}},{"start":{"line":18,"column":57},"end":{"line":18,"column":60}}],"line":18}},"s":{"0":1,"1":1,"2":1,"3":1,"4":1,"5":1,"6":1,"7":1,"8":1,"9":0,"10":0,"11":0,"12":1},"f":{"0":1,"1":0},"b":{"0":[1,0],"1":[1,0],"2":[0,0],"3":[0,0]},"_coverageSchema":"1a1c01bbd47fc00a2c39e90264f33305004495a9","hash":"14fd8e47a743b20d867475f3f83d61a8ea55fcfa"}
,"D:\\Projects\\richard_booking_project\\controllers\\flightsController.js": {"path":"D:\\Projects\\richard_booking_project\\controllers\\flightsController.js","statementMap":{"0":{"start":{"line":1,"column":33},"end":{"line":1,"column":60}},"1":{"start":{"line":2,"column":43},"end":{"line":2,"column":69}},"2":{"start":{"line":4,"column":22},"end":{"line":54,"column":1}},"3":{"start":{"line":5,"column":20},"end":{"line":5,"column":57}},"4":{"start":{"line":6,"column":4},"end":{"line":6,"column":54}},"5":{"start":{"line":6,"column":14},"end":{"line":6,"column":54}},"6":{"start":{"line":20,"column":8},"end":{"line":20,"column":17}},"7":{"start":{"line":22,"column":18},"end":{"line":22,"column":20}},"8":{"start":{"line":23,"column":4},"end":{"line":23,"column":68}},"9":{"start":{"line":23,"column":20},"end":{"line":23,"column":68}},"10":{"start":{"line":24,"column":4},"end":{"line":28,"column":5}},"11":{"start":{"line":25,"column":8},"end":{"line":25,"column":24}},"12":{"start":{"line":26,"column":8},"end":{"line":26,"column":62}},"13":{"start":{"line":26,"column":22},"end":{"line":26,"column":62}},"14":{"start":{"line":27,"column":8},"end":{"line":27,"column":62}},"15":{"start":{"line":27,"column":22},"end":{"line":27,"column":62}},"16":{"start":{"line":29,"column":4},"end":{"line":33,"column":5}},"17":{"start":{"line":30,"column":8},"end":{"line":30,"column":23}},"18":{"start":{"line":31,"column":8},"end":{"line":31,"column":61}},"19":{"start":{"line":31,"column":23},"end":{"line":31,"column":61}},"20":{"start":{"line":32,"column":8},"end":{"line":32,"column":57}},"21":{"start":{"line":32,"column":21},"end":{"line":32,"column":57}},"22":{"start":{"line":35,"column":4},"end":{"line":35,"column":67}},"23":{"start":{"line":35,"column":16},"end":{"line":35,"column":67}},"24":{"start":{"line":36,"column":4},"end":{"line":36,"column":82}},"25":{"start":{"line":36,"column":21},"end":{"line":36,"column":82}},"26":{"start":{"line":37,"column":4},"end":{"line":37,"column":93}},"27":{"start":{"line":37,"column":13},"end":{"line":37,"column":93}},"28":{"start":{"line":37,"column":71},"end":{"line":37,"column":91}},"29":{"start":{"line":40,"column":20},"end":{"line":44,"column":39}},"30":{"start":{"line":46,"column":18},"end":{"line":46,"column":52}},"31":{"start":{"line":47,"column":4},"end":{"line":51,"column":6}},"32":{"start":{"line":56,"column":21},"end":{"line":63,"column":1}},"33":{"start":{"line":57,"column":20},"end":{"line":57,"column":56}},"34":{"start":{"line":58,"column":4},"end":{"line":58,"column":54}},"35":{"start":{"line":58,"column":14},"end":{"line":58,"column":54}},"36":{"start":{"line":60,"column":19},"end":{"line":60,"column":39}},"37":{"start":{"line":61,"column":4},"end":{"line":61,"column":23}},"38":{"start":{"line":62,"column":4},"end":{"line":62,"column":33}},"39":{"start":{"line":65,"column":21},"end":{"line":73,"column":1}},"40":{"start":{"line":66,"column":20},"end":{"line":66,"column":56}},"41":{"start":{"line":67,"column":4},"end":{"line":67,"column":54}},"42":{"start":{"line":67,"column":14},"end":{"line":67,"column":54}},"43":{"start":{"line":69,"column":19},"end":{"line":69,"column":87}},"44":{"start":{"line":70,"column":4},"end":{"line":70,"column":67}},"45":{"start":{"line":70,"column":16},"end":{"line":70,"column":67}},"46":{"start":{"line":71,"column":4},"end":{"line":71,"column":33}},"47":{"start":{"line":75,"column":21},"end":{"line":88,"column":1}},"48":{"start":{"line":77,"column":4},"end":{"line":83,"column":5}},"49":{"start":{"line":78,"column":24},"end":{"line":78,"column":51}},"50":{"start":{"line":79,"column":8},"end":{"line":81,"column":9}},"51":{"start":{"line":80,"column":12},"end":{"line":80,"column":78}},"52":{"start":{"line":80,"column":24},"end":{"line":80,"column":78}},"53":{"start":{"line":82,"column":8},"end":{"line":82,"column":79}},"54":{"start":{"line":85,"column":19},"end":{"line":85,"column":64}},"55":{"start":{"line":86,"column":4},"end":{"line":86,"column":67}},"56":{"start":{"line":86,"column":16},"end":{"line":86,"column":67}},"57":{"start":{"line":87,"column":4},"end":{"line":87,"column":70}},"58":{"start":{"line":90,"column":0},"end":{"line":95,"column":2}}},"fnMap":{"0":{"name":"(anonymous_0)","decl":{"start":{"line":4,"column":22},"end":{"line":4,"column":23}},"loc":{"start":{"line":4,"column":42},"end":{"line":54,"column":1}},"line":4},"1":{"name":"(anonymous_1)","decl":{"start":{"line":37,"column":64},"end":{"line":37,"column":65}},"loc":{"start":{"line":37,"column":71},"end":{"line":37,"column":91}},"line":37},"2":{"name":"(anonymous_2)","decl":{"start":{"line":56,"column":21},"end":{"line":56,"column":22}},"loc":{"start":{"line":56,"column":41},"end":{"line":63,"column":1}},"line":56},"3":{"name":"(anonymous_3)","decl":{"start":{"line":65,"column":21},"end":{"line":65,"column":22}},"loc":{"start":{"line":65,"column":41},"end":{"line":73,"column":1}},"line":65},"4":{"name":"(anonymous_4)","decl":{"start":{"line":75,"column":21},"end":{"line":75,"column":22}},"loc":{"start":{"line":75,"column":41},"end":{"line":88,"column":1}},"line":75}},"branchMap":{"0":{"loc":{"start":{"line":6,"column":4},"end":{"line":6,"column":54}},"type":"if","locations":[{"start":{"line":6,"column":4},"end":{"line":6,"column":54}},{"start":{},"end":{}}],"line":6},"1":{"loc":{"start":{"line":18,"column":8},"end":{"line":18,"column":16}},"type":"default-arg","locations":[{"start":{"line":18,"column":14},"end":{"line":18,"column":16}}],"line":18},"2":{"loc":{"start":{"line":19,"column":8},"end":{"line":19,"column":14}},"type":"default-arg","locations":[{"start":{"line":19,"column":13},"end":{"line":19,"column":14}}],"line":19},"3":{"loc":{"start":{"line":23,"column":4},"end":{"line":23,"column":68}},"type":"if","locations":[{"start":{"line":23,"column":4},"end":{"line":23,"column":68}},{"start":{},"end":{}}],"line":23},"4":{"loc":{"start":{"line":24,"column":4},"end":{"line":28,"column":5}},"type":"if","locations":[{"start":{"line":24,"column":4},"end":{"line":28,"column":5}},{"start":{},"end":{}}],"line":24},"5":{"loc":{"start":{"line":24,"column":7},"end":{"line":24,"column":29}},"type":"binary-expr","locations":[{"start":{"line":24,"column":7},"end":{"line":24,"column":16}},{"start":{"line":24,"column":20},"end":{"line":24,"column":29}}],"line":24},"6":{"loc":{"start":{"line":26,"column":8},"end":{"line":26,"column":62}},"type":"if","locations":[{"start":{"line":26,"column":8},"end":{"line":26,"column":62}},{"start":{},"end":{}}],"line":26},"7":{"loc":{"start":{"line":27,"column":8},"end":{"line":27,"column":62}},"type":"if","locations":[{"start":{"line":27,"column":8},"end":{"line":27,"column":62}},{"start":{},"end":{}}],"line":27},"8":{"loc":{"start":{"line":29,"column":4},"end":{"line":33,"column":5}},"type":"if","locations":[{"start":{"line":29,"column":4},"end":{"line":33,"column":5}},{"start":{},"end":{}}],"line":29},"9":{"loc":{"start":{"line":29,"column":7},"end":{"line":29,"column":29}},"type":"binary-expr","locations":[{"start":{"line":29,"column":7},"end":{"line":29,"column":17}},{"start":{"line":29,"column":21},"end":{"line":29,"column":29}}],"line":29},"10":{"loc":{"start":{"line":31,"column":8},"end":{"line":31,"column":61}},"type":"if","locations":[{"start":{"line":31,"column":8},"end":{"line":31,"column":61}},{"start":{},"end":{}}],"line":31},"11":{"loc":{"start":{"line":32,"column":8},"end":{"line":32,"column":57}},"type":"if","locations":[{"start":{"line":32,"column":8},"end":{"line":32,"column":57}},{"start":{},"end":{}}],"line":32},"12":{"loc":{"start":{"line":35,"column":4},"end":{"line":35,"column":67}},"type":"if","locations":[{"start":{"line":35,"column":4},"end":{"line":35,"column":67}},{"start":{},"end":{}}],"line":35},"13":{"loc":{"start":{"line":36,"column":4},"end":{"line":36,"column":82}},"type":"if","locations":[{"start":{"line":36,"column":4},"end":{"line":36,"column":82}},{"start":{},"end":{}}],"line":36},"14":{"loc":{"start":{"line":37,"column":4},"end":{"line":37,"column":93}},"type":"if","locations":[{"start":{"line":37,"column":4},"end":{"line":37,"column":93}},{"start":{},"end":{}}],"line":37},"15":{"loc":{"start":{"line":58,"column":4},"end":{"line":58,"column":54}},"type":"if","locations":[{"start":{"line":58,"column":4},"end":{"line":58,"column":54}},{"start":{},"end":{}}],"line":58},"16":{"loc":{"start":{"line":67,"column":4},"end":{"line":67,"column":54}},"type":"if","locations":[{"start":{"line":67,"column":4},"end":{"line":67,"column":54}},{"start":{},"end":{}}],"line":67},"17":{"loc":{"start":{"line":70,"column":4},"end":{"line":70,"column":67}},"type":"if","locations":[{"start":{"line":70,"column":4},"end":{"line":70,"column":67}},{"start":{},"end":{}}],"line":70},"18":{"loc":{"start":{"line":77,"column":4},"end":{"line":83,"column":5}},"type":"if","locations":[{"start":{"line":77,"column":4},"end":{"line":83,"column":5}},{"start":{},"end":{}}],"line":77},"19":{"loc":{"start":{"line":79,"column":8},"end":{"line":81,"column":9}},"type":"if","locations":[{"start":{"line":79,"column":8},"end":{"line":81,"column":9}},{"start":{},"end":{}}],"line":79},"20":{"loc":{"start":{"line":80,"column":12},"end":{"line":80,"column":78}},"type":"if","locations":[{"start":{"line":80,"column":12},"end":{"line":80,"column":78}},{"start":{},"end":{}}],"line":80},"21":{"loc":{"start":{"line":86,"column":4},"end":{"line":86,"column":67}},"type":"if","locations":[{"start":{"line":86,"column":4},"end":{"line":86,"column":67}},{"start":{},"end":{}}],"line":86}},"s":{"0":1,"1":1,"2":1,"3":0,"4":0,"5":0,"6":0,"7":0,"8":0,"9":0,"10":0,"11":0,"12":0,"13":0,"14":0,"15":0,"16":0,"17":0,"18":0,"19":0,"20":0,"21":0,"22":0,"23":0,"24":0,"25":0,"26":0,"27":0,"28":0,"29":0,"30":0,"31":0,"32":1,"33":0,"34":0,"35":0,"36":0,"37":0,"38":0,"39":1,"40":0,"41":0,"42":0,"43":0,"44":0,"45":0,"46":0,"47":1,"48":0,"49":0,"50":0,"51":0,"52":0,"53":0,"54":0,"55":0,"56":0,"57":0,"58":1},"f":{"0":0,"1":0,"2":0,"3":0,"4":0},"b":{"0":[0,0],"1":[0],"2":[0],"3":[0,0],"4":[0,0],"5":[0,0],"6":[0,0],"7":[0,0],"8":[0,0],"9":[0,0],"10":[0,0],"11":[0,0],"12":[0,0],"13":[0,0],"14":[0,0],"15":[0,0],"16":[0,0],"17":[0,0],"18":[0,0],"19":[0,0],"20":[0,0],"21":[0,0]},"_coverageSchema":"1a1c01bbd47fc00a2c39e90264f33305004495a9","hash":"36462504e411a3afec9ee5045ba056249d39fd3e"}
,"D:\\Projects\\richard_booking_project\\controllers\\hotelsController.js": {"path":"D:\\Projects\\richard_booking_project\\controllers\\hotelsController.js","statementMap":{"0":{"start":{"line":1,"column":29},"end":{"line":1,"column":57}},"1":{"start":{"line":2,"column":32},"end":{"line":2,"column":61}},"2":{"start":{"line":4,"column":23},"end":{"line":4,"column":43}},"3":{"start":{"line":6,"column":21},"end":{"line":10,"column":1}},"4":{"start":{"line":7,"column":53},"end":{"line":7,"column":62}},"5":{"start":{"line":12,"column":20},"end":{"line":25,"column":1}},"6":{"start":{"line":13,"column":19},"end":{"line":13,"column":40}},"7":{"start":{"line":14,"column":4},"end":{"line":16,"column":5}},"8":{"start":{"line":15,"column":8},"end":{"line":15,"column":64}},"9":{"start":{"line":18,"column":21},"end":{"line":23,"column":5}},"10":{"start":{"line":27,"column":20},"end":{"line":37,"column":1}},"11":{"start":{"line":28,"column":19},"end":{"line":28,"column":40}},"12":{"start":{"line":29,"column":4},"end":{"line":31,"column":5}},"13":{"start":{"line":30,"column":8},"end":{"line":30,"column":64}},"14":{"start":{"line":33,"column":20},"end":{"line":33,"column":43}},"15":{"start":{"line":34,"column":25},"end":{"line":34,"column":33}},"16":{"start":{"line":39,"column":20},"end":{"line":43,"column":1}},"17":{"start":{"line":40,"column":20},"end":{"line":40,"column":43}},"18":{"start":{"line":45,"column":0},"end":{"line":50,"column":2}}},"fnMap":{"0":{"name":"(anonymous_0)","decl":{"start":{"line":6,"column":21},"end":{"line":6,"column":22}},"loc":{"start":{"line":6,"column":35},"end":{"line":10,"column":1}},"line":6},"1":{"name":"(anonymous_1)","decl":{"start":{"line":12,"column":20},"end":{"line":12,"column":21}},"loc":{"start":{"line":12,"column":34},"end":{"line":25,"column":1}},"line":12},"2":{"name":"(anonymous_2)","decl":{"start":{"line":27,"column":20},"end":{"line":27,"column":21}},"loc":{"start":{"line":27,"column":34},"end":{"line":37,"column":1}},"line":27},"3":{"name":"(anonymous_3)","decl":{"start":{"line":39,"column":20},"end":{"line":39,"column":21}},"loc":{"start":{"line":39,"column":34},"end":{"line":43,"column":1}},"line":39}},"branchMap":{"0":{"loc":{"start":{"line":14,"column":4},"end":{"line":16,"column":5}},"type":"if","locations":[{"start":{"line":14,"column":4},"end":{"line":16,"column":5}},{"start":{},"end":{}}],"line":14},"1":{"loc":{"start":{"line":29,"column":4},"end":{"line":31,"column":5}},"type":"if","locations":[{"start":{"line":29,"column":4},"end":{"line":31,"column":5}},{"start":{},"end":{}}],"line":29}},"s":{"0":1,"1":1,"2":1,"3":1,"4":0,"5":1,"6":0,"7":0,"8":0,"9":0,"10":1,"11":0,"12":0,"13":0,"14":0,"15":0,"16":1,"17":0,"18":1},"f":{"0":0,"1":0,"2":0,"3":0},"b":{"0":[0,0],"1":[0,0]},"_coverageSchema":"1a1c01bbd47fc00a2c39e90264f33305004495a9","hash":"638c1e143f19466e0d1da2fb55a0f2a6af6f1813"}
,"D:\\Projects\\richard_booking_project\\controllers\\usersController.js": {"path":"D:\\Projects\\richard_booking_project\\controllers\\usersController.js","statementMap":{"0":{"start":{"line":1,"column":29},"end":{"line":1,"column":54}},"1":{"start":{"line":2,"column":24},"end":{"line":2,"column":57}},"2":{"start":{"line":3,"column":71},"end":{"line":3,"column":97}},"3":{"start":{"line":5,"column":15},"end":{"line":17,"column":1}},"4":{"start":{"line":6,"column":20},"end":{"line":6,"column":54}},"5":{"start":{"line":7,"column":4},"end":{"line":7,"column":54}},"6":{"start":{"line":7,"column":14},"end":{"line":7,"column":54}},"7":{"start":{"line":9,"column":15},"end":{"line":9,"column":58}},"8":{"start":{"line":10,"column":4},"end":{"line":10,"column":66}},"9":{"start":{"line":10,"column":13},"end":{"line":10,"column":66}},"10":{"start":{"line":12,"column":4},"end":{"line":12,"column":29}},"11":{"start":{"line":13,"column":4},"end":{"line":13,"column":21}},"12":{"start":{"line":14,"column":27},"end":{"line":14,"column":57}},"13":{"start":{"line":15,"column":4},"end":{"line":15,"column":65}},"14":{"start":{"line":19,"column":15},"end":{"line":30,"column":1}},"15":{"start":{"line":20,"column":30},"end":{"line":20,"column":38}},"16":{"start":{"line":22,"column":15},"end":{"line":22,"column":49}},"17":{"start":{"line":23,"column":4},"end":{"line":23,"column":63}},"18":{"start":{"line":23,"column":14},"end":{"line":23,"column":63}},"19":{"start":{"line":25,"column":26},"end":{"line":25,"column":62}},"20":{"start":{"line":26,"column":4},"end":{"line":26,"column":72}},"21":{"start":{"line":26,"column":23},"end":{"line":26,"column":72}},"22":{"start":{"line":28,"column":27},"end":{"line":28,"column":57}},"23":{"start":{"line":29,"column":4},"end":{"line":29,"column":65}},"24":{"start":{"line":32,"column":16},"end":{"line":43,"column":1}},"25":{"start":{"line":33,"column":4},"end":{"line":33,"column":62}},"26":{"start":{"line":33,"column":21},"end":{"line":33,"column":62}},"27":{"start":{"line":34,"column":4},"end":{"line":42,"column":6}},"28":{"start":{"line":35,"column":8},"end":{"line":35,"column":68}},"29":{"start":{"line":35,"column":16},"end":{"line":35,"column":68}},"30":{"start":{"line":36,"column":8},"end":{"line":40,"column":10}},"31":{"start":{"line":41,"column":8},"end":{"line":41,"column":56}},"32":{"start":{"line":46,"column":18},"end":{"line":65,"column":1}},"33":{"start":{"line":47,"column":20},"end":{"line":47,"column":54}},"34":{"start":{"line":48,"column":4},"end":{"line":48,"column":54}},"35":{"start":{"line":48,"column":14},"end":{"line":48,"column":54}},"36":{"start":{"line":50,"column":17},"end":{"line":50,"column":56}},"37":{"start":{"line":51,"column":4},"end":{"line":51,"column":56}},"38":{"start":{"line":51,"column":14},"end":{"line":51,"column":56}},"39":{"start":{"line":53,"column":43},"end":{"line":53,"column":51}},"40":{"start":{"line":54,"column":4},"end":{"line":58,"column":5}},"41":{"start":{"line":55,"column":20},"end":{"line":55,"column":47}},"42":{"start":{"line":56,"column":8},"end":{"line":56,"column":67}},"43":{"start":{"line":56,"column":18},"end":{"line":56,"column":67}},"44":{"start":{"line":57,"column":8},"end":{"line":57,"column":26}},"45":{"start":{"line":59,"column":4},"end":{"line":59,"column":29}},"46":{"start":{"line":59,"column":13},"end":{"line":59,"column":29}},"47":{"start":{"line":60,"column":4},"end":{"line":60,"column":41}},"48":{"start":{"line":60,"column":17},"end":{"line":60,"column":41}},"49":{"start":{"line":61,"column":4},"end":{"line":61,"column":32}},"50":{"start":{"line":61,"column":14},"end":{"line":61,"column":32}},"51":{"start":{"line":63,"column":4},"end":{"line":63,"column":21}},"52":{"start":{"line":64,"column":4},"end":{"line":64,"column":67}},"53":{"start":{"line":67,"column":19},"end":{"line":72,"column":1}},"54":{"start":{"line":69,"column":17},"end":{"line":69,"column":65}},"55":{"start":{"line":70,"column":4},"end":{"line":70,"column":56}},"56":{"start":{"line":70,"column":14},"end":{"line":70,"column":56}},"57":{"start":{"line":71,"column":4},"end":{"line":71,"column":28}},"58":{"start":{"line":74,"column":0},"end":{"line":80,"column":1}}},"fnMap":{"0":{"name":"(anonymous_0)","decl":{"start":{"line":5,"column":15},"end":{"line":5,"column":16}},"loc":{"start":{"line":5,"column":35},"end":{"line":17,"column":1}},"line":5},"1":{"name":"(anonymous_1)","decl":{"start":{"line":19,"column":15},"end":{"line":19,"column":16}},"loc":{"start":{"line":19,"column":35},"end":{"line":30,"column":1}},"line":19},"2":{"name":"(anonymous_2)","decl":{"start":{"line":32,"column":16},"end":{"line":32,"column":17}},"loc":{"start":{"line":32,"column":30},"end":{"line":43,"column":1}},"line":32},"3":{"name":"(anonymous_3)","decl":{"start":{"line":34,"column":24},"end":{"line":34,"column":25}},"loc":{"start":{"line":34,"column":31},"end":{"line":42,"column":5}},"line":34},"4":{"name":"(anonymous_4)","decl":{"start":{"line":46,"column":18},"end":{"line":46,"column":19}},"loc":{"start":{"line":46,"column":38},"end":{"line":65,"column":1}},"line":46},"5":{"name":"(anonymous_5)","decl":{"start":{"line":67,"column":19},"end":{"line":67,"column":20}},"loc":{"start":{"line":67,"column":39},"end":{"line":72,"column":1}},"line":67}},"branchMap":{"0":{"loc":{"start":{"line":7,"column":4},"end":{"line":7,"column":54}},"type":"if","locations":[{"start":{"line":7,"column":4},"end":{"line":7,"column":54}},{"start":{},"end":{}}],"line":7},"1":{"loc":{"start":{"line":10,"column":4},"end":{"line":10,"column":66}},"type":"if","locations":[{"start":{"line":10,"column":4},"end":{"line":10,"column":66}},{"start":{},"end":{}}],"line":10},"2":{"loc":{"start":{"line":23,"column":4},"end":{"line":23,"column":63}},"type":"if","locations":[{"start":{"line":23,"column":4},"end":{"line":23,"column":63}},{"start":{},"end":{}}],"line":23},"3":{"loc":{"start":{"line":26,"column":4},"end":{"line":26,"column":72}},"type":"if","locations":[{"start":{"line":26,"column":4},"end":{"line":26,"column":72}},{"start":{},"end":{}}],"line":26},"4":{"loc":{"start":{"line":33,"column":4},"end":{"line":33,"column":62}},"type":"if","locations":[{"start":{"line":33,"column":4},"end":{"line":33,"column":62}},{"start":{},"end":{}}],"line":33},"5":{"loc":{"start":{"line":35,"column":8},"end":{"line":35,"column":68}},"type":"if","locations":[{"start":{"line":35,"column":8},"end":{"line":35,"column":68}},{"start":{},"end":{}}],"line":35},"6":{"loc":{"start":{"line":48,"column":4},"end":{"line":48,"column":54}},"type":"if","locations":[{"start":{"line":48,"column":4},"end":{"line":48,"column":54}},{"start":{},"end":{}}],"line":48},"7":{"loc":{"start":{"line":51,"column":4},"end":{"line":51,"column":56}},"type":"if","locations":[{"start":{"line":51,"column":4},"end":{"line":51,"column":56}},{"start":{},"end":{}}],"line":51},"8":{"loc":{"start":{"line":54,"column":4},"end":{"line":58,"column":5}},"type":"if","locations":[{"start":{"line":54,"column":4},"end":{"line":58,"column":5}},{"start":{},"end":{}}],"line":54},"9":{"loc":{"start":{"line":56,"column":8},"end":{"line":56,"column":67}},"type":"if","locations":[{"start":{"line":56,"column":8},"end":{"line":56,"column":67}},{"start":{},"end":{}}],"line":56},"10":{"loc":{"start":{"line":59,"column":4},"end":{"line":59,"column":29}},"type":"if","locations":[{"start":{"line":59,"column":4},"end":{"line":59,"column":29}},{"start":{},"end":{}}],"line":59},"11":{"loc":{"start":{"line":60,"column":4},"end":{"line":60,"column":41}},"type":"if","locations":[{"start":{"line":60,"column":4},"end":{"line":60,"column":41}},{"start":{},"end":{}}],"line":60},"12":{"loc":{"start":{"line":61,"column":4},"end":{"line":61,"column":32}},"type":"if","locations":[{"start":{"line":61,"column":4},"end":{"line":61,"column":32}},{"start":{},"end":{}}],"line":61},"13":{"loc":{"start":{"line":70,"column":4},"end":{"line":70,"column":56}},"type":"if","locations":[{"start":{"line":70,"column":4},"end":{"line":70,"column":56}},{"start":{},"end":{}}],"line":70}},"s":{"0":1,"1":1,"2":1,"3":1,"4":3,"5":3,"6":0,"7":3,"8":3,"9":1,"10":2,"11":2,"12":2,"13":2,"14":1,"15":0,"16":0,"17":0,"18":0,"19":0,"20":0,"21":0,"22":0,"23":0,"24":1,"25":0,"26":0,"27":0,"28":0,"29":0,"30":0,"31":0,"32":1,"33":0,"34":0,"35":0,"36":0,"37":0,"38":0,"39":0,"40":0,"41":0,"42":0,"43":0,"44":0,"45":0,"46":0,"47":0,"48":0,"49":0,"50":0,"51":0,"52":0,"53":1,"54":0,"55":0,"56":0,"57":0,"58":1},"f":{"0":3,"1":0,"2":0,"3":0,"4":0,"5":0},"b":{"0":[0,3],"1":[1,2],"2":[0,0],"3":[0,0],"4":[0,0],"5":[0,0],"6":[0,0],"7":[0,0],"8":[0,0],"9":[0,0],"10":[0,0],"11":[0,0],"12":[0,0],"13":[0,0]},"_coverageSchema":"1a1c01bbd47fc00a2c39e90264f33305004495a9","hash":"4a23560e1cf052a8f7ffa0aef655fa9acb2302da"}
,"D:\\Projects\\richard_booking_project\\middlewares\\auth.js": {"path":"D:\\Projects\\richard_booking_project\\middlewares\\auth.js","statementMap":{"0":{"start":{"line":1,"column":12},"end":{"line":1,"column":35}},"1":{"start":{"line":2,"column":27},"end":{"line":2,"column":60}},"2":{"start":{"line":3,"column":38},"end":{"line":3,"column":64}},"3":{"start":{"line":7,"column":4},"end":{"line":49,"column":5}},"4":{"start":{"line":8,"column":8},"end":{"line":9,"column":68}},"5":{"start":{"line":9,"column":12},"end":{"line":9,"column":68}},"6":{"start":{"line":11,"column":26},"end":{"line":11,"column":51}},"7":{"start":{"line":12,"column":26},"end":{"line":12,"column":84}},"8":{"start":{"line":13,"column":24},"end":{"line":13,"column":57}},"9":{"start":{"line":14,"column":8},"end":{"line":14,"column":41}},"10":{"start":{"line":15,"column":8},"end":{"line":15,"column":29}},"11":{"start":{"line":19,"column":8},"end":{"line":20,"column":76}},"12":{"start":{"line":20,"column":12},"end":{"line":20,"column":76}},"13":{"start":{"line":22,"column":8},"end":{"line":23,"column":69}},"14":{"start":{"line":23,"column":12},"end":{"line":23,"column":69}},"15":{"start":{"line":26,"column":8},"end":{"line":28,"column":9}},"16":{"start":{"line":26,"column":72},"end":{"line":26,"column":104}},"17":{"start":{"line":27,"column":12},"end":{"line":27,"column":79}},"18":{"start":{"line":30,"column":8},"end":{"line":30,"column":43}},"19":{"start":{"line":31,"column":8},"end":{"line":31,"column":14}},"20":{"start":{"line":53,"column":0},"end":{"line":53,"column":22}}},"fnMap":{"0":{"name":"auth","decl":{"start":{"line":6,"column":9},"end":{"line":6,"column":13}},"loc":{"start":{"line":6,"column":23},"end":{"line":50,"column":1}},"line":6},"1":{"name":"(anonymous_1)","decl":{"start":{"line":7,"column":11},"end":{"line":7,"column":12}},"loc":{"start":{"line":7,"column":37},"end":{"line":49,"column":5}},"line":7},"2":{"name":"(anonymous_2)","decl":{"start":{"line":26,"column":66},"end":{"line":26,"column":67}},"loc":{"start":{"line":26,"column":72},"end":{"line":26,"column":104}},"line":26}},"branchMap":{"0":{"loc":{"start":{"line":6,"column":14},"end":{"line":6,"column":22}},"type":"default-arg","locations":[{"start":{"line":6,"column":20},"end":{"line":6,"column":22}}],"line":6},"1":{"loc":{"start":{"line":8,"column":8},"end":{"line":9,"column":68}},"type":"if","locations":[{"start":{"line":8,"column":8},"end":{"line":9,"column":68}},{"start":{},"end":{}}],"line":8},"2":{"loc":{"start":{"line":8,"column":11},"end":{"line":8,"column":46}},"type":"binary-expr","locations":[{"start":{"line":8,"column":11},"end":{"line":8,"column":23}},{"start":{"line":8,"column":27},"end":{"line":8,"column":46}}],"line":8},"3":{"loc":{"start":{"line":12,"column":26},"end":{"line":12,"column":84}},"type":"binary-expr","locations":[{"start":{"line":12,"column":26},"end":{"line":12,"column":56}},{"start":{"line":12,"column":60},"end":{"line":12,"column":84}}],"line":12},"4":{"loc":{"start":{"line":19,"column":8},"end":{"line":20,"column":76}},"type":"if","locations":[{"start":{"line":19,"column":8},"end":{"line":20,"column":76}},{"start":{},"end":{}}],"line":19},"5":{"loc":{"start":{"line":22,"column":8},"end":{"line":23,"column":69}},"type":"if","locations":[{"start":{"line":22,"column":8},"end":{"line":23,"column":69}},{"start":{},"end":{}}],"line":22},"6":{"loc":{"start":{"line":26,"column":8},"end":{"line":28,"column":9}},"type":"if","locations":[{"start":{"line":26,"column":8},"end":{"line":28,"column":9}},{"start":{},"end":{}}],"line":26},"7":{"loc":{"start":{"line":26,"column":11},"end":{"line":26,"column":106}},"type":"binary-expr","locations":[{"start":{"line":26,"column":11},"end":{"line":26,"column":27}},{"start":{"line":26,"column":32},"end":{"line":26,"column":50}},{"start":{"line":26,"column":54},"end":{"line":26,"column":105}}],"line":26}},"s":{"0":1,"1":1,"2":1,"3":5,"4":0,"5":0,"6":0,"7":0,"8":0,"9":0,"10":0,"11":0,"12":0,"13":0,"14":0,"15":0,"16":0,"17":0,"18":0,"19":0,"20":1},"f":{"0":5,"1":0,"2":0},"b":{"0":[3],"1":[0,0],"2":[0,0],"3":[0,0],"4":[0,0],"5":[0,0],"6":[0,0],"7":[0,0,0]},"_coverageSchema":"1a1c01bbd47fc00a2c39e90264f33305004495a9","hash":"9aeef2a79b72a9ec10b7f7988e6debcc2321be6e"}
,"D:\\Projects\\richard_booking_project\\middlewares\\errors.js": {"path":"D:\\Projects\\richard_booking_project\\middlewares\\errors.js","statementMap":{"0":{"start":{"line":1,"column":37},"end":{"line":1,"column":63}},"1":{"start":{"line":2,"column":15},"end":{"line":2,"column":41}},"2":{"start":{"line":4,"column":0},"end":{"line":44,"column":1}},"3":{"start":{"line":5,"column":4},"end":{"line":43,"column":6}},"4":{"start":{"line":6,"column":8},"end":{"line":6,"column":38}},"5":{"start":{"line":8,"column":12},"end":{"line":20,"column":13}},"6":{"start":{"line":9,"column":16},"end":{"line":19,"column":18}},"7":{"start":{"line":13,"column":60},"end":{"line":17,"column":25}},"8":{"start":{"line":22,"column":12},"end":{"line":29,"column":13}},"9":{"start":{"line":23,"column":16},"end":{"line":28,"column":18}},"10":{"start":{"line":33,"column":12},"end":{"line":42,"column":14}}},"fnMap":{"0":{"name":"(anonymous_0)","decl":{"start":{"line":4,"column":17},"end":{"line":4,"column":18}},"loc":{"start":{"line":4,"column":26},"end":{"line":44,"column":1}},"line":4},"1":{"name":"(anonymous_1)","decl":{"start":{"line":5,"column":12},"end":{"line":5,"column":13}},"loc":{"start":{"line":5,"column":37},"end":{"line":43,"column":5}},"line":5},"2":{"name":"(anonymous_2)","decl":{"start":{"line":13,"column":49},"end":{"line":13,"column":50}},"loc":{"start":{"line":13,"column":60},"end":{"line":17,"column":25}},"line":13}},"branchMap":{"0":{"loc":{"start":{"line":8,"column":12},"end":{"line":20,"column":13}},"type":"if","locations":[{"start":{"line":8,"column":12},"end":{"line":20,"column":13}},{"start":{},"end":{}}],"line":8},"1":{"loc":{"start":{"line":22,"column":12},"end":{"line":29,"column":13}},"type":"if","locations":[{"start":{"line":22,"column":12},"end":{"line":29,"column":13}},{"start":{},"end":{}}],"line":22},"2":{"loc":{"start":{"line":37,"column":24},"end":{"line":40,"column":21}},"type":"binary-expr","locations":[{"start":{"line":37,"column":24},"end":{"line":37,"column":62}},{"start":{"line":37,"column":66},"end":{"line":40,"column":21}}],"line":37}},"s":{"0":1,"1":1,"2":1,"3":1,"4":1,"5":1,"6":0,"7":0,"8":1,"9":1,"10":0},"f":{"0":1,"1":1,"2":0},"b":{"0":[0,1],"1":[1,0],"2":[0,0]},"_coverageSchema":"1a1c01bbd47fc00a2c39e90264f33305004495a9","hash":"697e3764206354509a3e285654e6f11997f0641f"}
,"D:\\Projects\\richard_booking_project\\middlewares\\security.js": {"path":"D:\\Projects\\richard_booking_project\\middlewares\\security.js","statementMap":{"0":{"start":{"line":1,"column":15},"end":{"line":1,"column":32}},"1":{"start":{"line":2,"column":16},"end":{"line":2,"column":42}},"2":{"start":{"line":3,"column":19},"end":{"line":3,"column":43}},"3":{"start":{"line":5,"column":0},"end":{"line":19,"column":1}},"4":{"start":{"line":6,"column":4},"end":{"line":6,"column":21}},"5":{"start":{"line":7,"column":4},"end":{"line":18,"column":7}}},"fnMap":{"0":{"name":"(anonymous_0)","decl":{"start":{"line":5,"column":17},"end":{"line":5,"column":18}},"loc":{"start":{"line":5,"column":26},"end":{"line":19,"column":1}},"line":5}},"branchMap":{},"s":{"0":1,"1":1,"2":1,"3":1,"4":1,"5":1},"f":{"0":1},"b":{},"_coverageSchema":"1a1c01bbd47fc00a2c39e90264f33305004495a9","hash":"30a9b861be1ae2109b2b034b6bb77370d3e0131a"}
,"D:\\Projects\\richard_booking_project\\middlewares\\session.js": {"path":"D:\\Projects\\richard_booking_project\\middlewares\\session.js","statementMap":{"0":{"start":{"line":1,"column":14},"end":{"line":1,"column":30}},"1":{"start":{"line":2,"column":26},"end":{"line":2,"column":52}},"2":{"start":{"line":14,"column":4},"end":{"line":16,"column":5}},"3":{"start":{"line":15,"column":8},"end":{"line":15,"column":27}},"4":{"start":{"line":18,"column":4},"end":{"line":23,"column":5}},"5":{"start":{"line":19,"column":25},"end":{"line":19,"column":72}},"6":{"start":{"line":20,"column":8},"end":{"line":20,"column":50}},"7":{"start":{"line":22,"column":8},"end":{"line":22,"column":25}},"8":{"start":{"line":28,"column":4},"end":{"line":54,"column":6}},"9":{"start":{"line":29,"column":8},"end":{"line":32,"column":9}},"10":{"start":{"line":30,"column":12},"end":{"line":30,"column":47}},"11":{"start":{"line":31,"column":12},"end":{"line":31,"column":91}},"12":{"start":{"line":34,"column":26},"end":{"line":34,"column":51}},"13":{"start":{"line":35,"column":26},"end":{"line":35,"column":84}},"14":{"start":{"line":36,"column":25},"end":{"line":36,"column":61}},"15":{"start":{"line":37,"column":24},"end":{"line":37,"column":57}},"16":{"start":{"line":40,"column":8},"end":{"line":53,"column":10}},"17":{"start":{"line":41,"column":12},"end":{"line":41,"column":81}},"18":{"start":{"line":41,"column":20},"end":{"line":41,"column":81}},"19":{"start":{"line":43,"column":12},"end":{"line":43,"column":41}},"20":{"start":{"line":44,"column":12},"end":{"line":44,"column":42}},"21":{"start":{"line":45,"column":12},"end":{"line":45,"column":45}},"22":{"start":{"line":46,"column":12},"end":{"line":46,"column":45}},"23":{"start":{"line":47,"column":12},"end":{"line":47,"column":43}},"24":{"start":{"line":48,"column":12},"end":{"line":48,"column":41}},"25":{"start":{"line":49,"column":12},"end":{"line":49,"column":47}},"26":{"start":{"line":51,"column":12},"end":{"line":51,"column":88}},"27":{"start":{"line":57,"column":0},"end":{"line":57,"column":50}}},"fnMap":{"0":{"name":"getCountryFromIP","decl":{"start":{"line":12,"column":15},"end":{"line":12,"column":31}},"loc":{"start":{"line":12,"column":36},"end":{"line":24,"column":1}},"line":12},"1":{"name":"createSession","decl":{"start":{"line":27,"column":15},"end":{"line":27,"column":28}},"loc":{"start":{"line":27,"column":39},"end":{"line":55,"column":1}},"line":27},"2":{"name":"(anonymous_2)","decl":{"start":{"line":28,"column":23},"end":{"line":28,"column":24}},"loc":{"start":{"line":28,"column":49},"end":{"line":54,"column":5}},"line":28},"3":{"name":"(anonymous_3)","decl":{"start":{"line":40,"column":31},"end":{"line":40,"column":32}},"loc":{"start":{"line":40,"column":40},"end":{"line":53,"column":9}},"line":40}},"branchMap":{"0":{"loc":{"start":{"line":14,"column":4},"end":{"line":16,"column":5}},"type":"if","locations":[{"start":{"line":14,"column":4},"end":{"line":16,"column":5}},{"start":{},"end":{}}],"line":14},"1":{"loc":{"start":{"line":14,"column":8},"end":{"line":14,"column":49}},"type":"binary-expr","locations":[{"start":{"line":14,"column":8},"end":{"line":14,"column":11}},{"start":{"line":14,"column":15},"end":{"line":14,"column":27}},{"start":{"line":14,"column":31},"end":{"line":14,"column":49}}],"line":14},"2":{"loc":{"start":{"line":20,"column":15},"end":{"line":20,"column":49}},"type":"binary-expr","locations":[{"start":{"line":20,"column":15},"end":{"line":20,"column":36}},{"start":{"line":20,"column":40},"end":{"line":20,"column":49}}],"line":20},"3":{"loc":{"start":{"line":29,"column":8},"end":{"line":32,"column":9}},"type":"if","locations":[{"start":{"line":29,"column":8},"end":{"line":32,"column":9}},{"start":{},"end":{}}],"line":29},"4":{"loc":{"start":{"line":29,"column":11},"end":{"line":29,"column":75}},"type":"binary-expr","locations":[{"start":{"line":29,"column":11},"end":{"line":29,"column":29}},{"start":{"line":29,"column":33},"end":{"line":29,"column":75}}],"line":29},"5":{"loc":{"start":{"line":35,"column":26},"end":{"line":35,"column":84}},"type":"binary-expr","locations":[{"start":{"line":35,"column":26},"end":{"line":35,"column":56}},{"start":{"line":35,"column":60},"end":{"line":35,"column":84}}],"line":35},"6":{"loc":{"start":{"line":36,"column":25},"end":{"line":36,"column":61}},"type":"binary-expr","locations":[{"start":{"line":36,"column":25},"end":{"line":36,"column":48}},{"start":{"line":36,"column":52},"end":{"line":36,"column":61}}],"line":36},"7":{"loc":{"start":{"line":41,"column":12},"end":{"line":41,"column":81}},"type":"if","locations":[{"start":{"line":41,"column":12},"end":{"line":41,"column":81}},{"start":{},"end":{}}],"line":41}},"s":{"0":2,"1":2,"2":9,"3":5,"4":4,"5":4,"6":4,"7":0,"8":2,"9":2,"10":0,"11":0,"12":2,"13":2,"14":2,"15":2,"16":2,"17":2,"18":0,"19":2,"20":2,"21":2,"22":2,"23":2,"24":2,"25":2,"26":2,"27":2},"f":{"0":9,"1":2,"2":2,"3":2},"b":{"0":[5,4],"1":[9,6,5],"2":[4,2],"3":[0,2],"4":[2,0],"5":[2,2],"6":[2,2],"7":[0,2]},"_coverageSchema":"1a1c01bbd47fc00a2c39e90264f33305004495a9","hash":"caa9f53bdc9ddb933872ce7a8703808bc60a320b"}
,"D:\\Projects\\richard_booking_project\\models\\Flight.js": {"path":"D:\\Projects\\richard_booking_project\\models\\Flight.js","statementMap":{"0":{"start":{"line":1,"column":12},"end":{"line":1,"column":26}},"1":{"start":{"line":2,"column":17},"end":{"line":2,"column":36}},"2":{"start":{"line":4,"column":21},"end":{"line":13,"column":2}},"3":{"start":{"line":15,"column":15},"end":{"line":15,"column":53}},"4":{"start":{"line":18,"column":23},"end":{"line":84,"column":1}},"5":{"start":{"line":19,"column":27},"end":{"line":28,"column":5}},"6":{"start":{"line":31,"column":27},"end":{"line":40,"column":5}},"7":{"start":{"line":42,"column":24},"end":{"line":70,"column":5}},"8":{"start":{"line":57,"column":25},"end":{"line":57,"column":64}},"9":{"start":{"line":57,"column":53},"end":{"line":57,"column":63}},"10":{"start":{"line":58,"column":12},"end":{"line":60,"column":13}},"11":{"start":{"line":59,"column":16},"end":{"line":59,"column":88}},"12":{"start":{"line":61,"column":12},"end":{"line":61,"column":23}},"13":{"start":{"line":73,"column":4},"end":{"line":81,"column":5}},"14":{"start":{"line":74,"column":8},"end":{"line":74,"column":56}},"15":{"start":{"line":76,"column":9},"end":{"line":81,"column":5}},"16":{"start":{"line":77,"column":8},"end":{"line":77,"column":56}},"17":{"start":{"line":79,"column":9},"end":{"line":81,"column":5}},"18":{"start":{"line":80,"column":8},"end":{"line":80,"column":53}},"19":{"start":{"line":83,"column":4},"end":{"line":83,"column":42}},"20":{"start":{"line":88,"column":0},"end":{"line":88,"column":41}}},"fnMap":{"0":{"name":"(anonymous_0)","decl":{"start":{"line":18,"column":23},"end":{"line":18,"column":24}},"loc":{"start":{"line":18,"column":41},"end":{"line":84,"column":1}},"line":18},"1":{"name":"(anonymous_1)","decl":{"start":{"line":56,"column":34},"end":{"line":56,"column":35}},"loc":{"start":{"line":56,"column":54},"end":{"line":62,"column":9}},"line":56},"2":{"name":"(anonymous_2)","decl":{"start":{"line":57,"column":46},"end":{"line":57,"column":47}},"loc":{"start":{"line":57,"column":53},"end":{"line":57,"column":63}},"line":57}},"branchMap":{"0":{"loc":{"start":{"line":58,"column":12},"end":{"line":60,"column":13}},"type":"if","locations":[{"start":{"line":58,"column":12},"end":{"line":60,"column":13}},{"start":{},"end":{}}],"line":58},"1":{"loc":{"start":{"line":73,"column":4},"end":{"line":81,"column":5}},"type":"if","locations":[{"start":{"line":73,"column":4},"end":{"line":81,"column":5}},{"start":{"line":76,"column":9},"end":{"line":81,"column":5}}],"line":73},"2":{"loc":{"start":{"line":76,"column":9},"end":{"line":81,"column":5}},"type":"if","locations":[{"start":{"line":76,"column":9},"end":{"line":81,"column":5}},{"start":{"line":79,"column":9},"end":{"line":81,"column":5}}],"line":76},"3":{"loc":{"start":{"line":76,"column":12},"end":{"line":76,"column":49}},"type":"binary-expr","locations":[{"start":{"line":76,"column":12},"end":{"line":76,"column":29}},{"start":{"line":76,"column":33},"end":{"line":76,"column":49}}],"line":76},"4":{"loc":{"start":{"line":79,"column":9},"end":{"line":81,"column":5}},"type":"if","locations":[{"start":{"line":79,"column":9},"end":{"line":81,"column":5}},{"start":{},"end":{}}],"line":79}},"s":{"0":1,"1":1,"2":1,"3":1,"4":1,"5":0,"6":0,"7":0,"8":0,"9":0,"10":0,"11":0,"12":0,"13":0,"14":0,"15":0,"16":0,"17":0,"18":0,"19":0,"20":1},"f":{"0":0,"1":0,"2":0},"b":{"0":[0,0],"1":[0,0],"2":[0,0],"3":[0,0],"4":[0,0]},"_coverageSchema":"1a1c01bbd47fc00a2c39e90264f33305004495a9","hash":"686b21a562badd71c492bebaeb3879333a2e05ae"}
,"D:\\Projects\\richard_booking_project\\models\\User.js": {"path":"D:\\Projects\\richard_booking_project\\models\\User.js","statementMap":{"0":{"start":{"line":1,"column":12},"end":{"line":1,"column":26}},"1":{"start":{"line":2,"column":17},"end":{"line":2,"column":36}},"2":{"start":{"line":3,"column":15},"end":{"line":3,"column":32}},"3":{"start":{"line":4,"column":12},"end":{"line":4,"column":35}},"4":{"start":{"line":6,"column":19},"end":{"line":11,"column":2}},"5":{"start":{"line":14,"column":0},"end":{"line":19,"column":2}},"6":{"start":{"line":15,"column":4},"end":{"line":18,"column":5}},"7":{"start":{"line":16,"column":21},"end":{"line":16,"column":76}},"8":{"start":{"line":17,"column":8},"end":{"line":17,"column":83}},"9":{"start":{"line":21,"column":0},"end":{"line":26,"column":2}},"10":{"start":{"line":23,"column":8},"end":{"line":23,"column":27}},"11":{"start":{"line":24,"column":8},"end":{"line":24,"column":18}},"12":{"start":{"line":28,"column":0},"end":{"line":30,"column":1}},"13":{"start":{"line":29,"column":4},"end":{"line":29,"column":77}},"14":{"start":{"line":37,"column":13},"end":{"line":37,"column":47}},"15":{"start":{"line":40,"column":21},"end":{"line":57,"column":1}},"16":{"start":{"line":41,"column":27},"end":{"line":46,"column":5}},"17":{"start":{"line":48,"column":4},"end":{"line":53,"column":5}},"18":{"start":{"line":55,"column":4},"end":{"line":55,"column":77}},"19":{"start":{"line":56,"column":4},"end":{"line":56,"column":33}},"20":{"start":{"line":59,"column":0},"end":{"line":59,"column":37}}},"fnMap":{"0":{"name":"(anonymous_0)","decl":{"start":{"line":14,"column":23},"end":{"line":14,"column":24}},"loc":{"start":{"line":14,"column":44},"end":{"line":19,"column":1}},"line":14},"1":{"name":"(anonymous_1)","decl":{"start":{"line":22,"column":15},"end":{"line":22,"column":16}},"loc":{"start":{"line":22,"column":34},"end":{"line":25,"column":5}},"line":22},"2":{"name":"(anonymous_2)","decl":{"start":{"line":28,"column":37},"end":{"line":28,"column":38}},"loc":{"start":{"line":28,"column":62},"end":{"line":30,"column":1}},"line":28},"3":{"name":"(anonymous_3)","decl":{"start":{"line":40,"column":21},"end":{"line":40,"column":22}},"loc":{"start":{"line":40,"column":39},"end":{"line":57,"column":1}},"line":40}},"branchMap":{"0":{"loc":{"start":{"line":15,"column":4},"end":{"line":18,"column":5}},"type":"if","locations":[{"start":{"line":15,"column":4},"end":{"line":18,"column":5}},{"start":{},"end":{}}],"line":15},"1":{"loc":{"start":{"line":55,"column":24},"end":{"line":55,"column":76}},"type":"cond-expr","locations":[{"start":{"line":55,"column":45},"end":{"line":55,"column":59}},{"start":{"line":55,"column":62},"end":{"line":55,"column":76}}],"line":55}},"s":{"0":1,"1":1,"2":1,"3":1,"4":1,"5":1,"6":2,"7":2,"8":2,"9":1,"10":2,"11":2,"12":1,"13":0,"14":1,"15":1,"16":3,"17":3,"18":3,"19":3,"20":1},"f":{"0":2,"1":2,"2":0,"3":3},"b":{"0":[2,0],"1":[0,3]},"_coverageSchema":"1a1c01bbd47fc00a2c39e90264f33305004495a9","hash":"ce048a0e40bf7d110577bc4ebb86b4a81c5e6b2b"}
,"D:\\Projects\\richard_booking_project\\routes\\flights.js": {"path":"D:\\Projects\\richard_booking_project\\routes\\flights.js","statementMap":{"0":{"start":{"line":1,"column":16},"end":{"line":1,"column":34}},"1":{"start":{"line":2,"column":15},"end":{"line":2,"column":31}},"2":{"start":{"line":3,"column":26},"end":{"line":3,"column":69}},"3":{"start":{"line":4,"column":13},"end":{"line":4,"column":43}},"4":{"start":{"line":6,"column":0},"end":{"line":6,"column":83}},"5":{"start":{"line":7,"column":0},"end":{"line":7,"column":78}},"6":{"start":{"line":8,"column":0},"end":{"line":8,"column":51}},"7":{"start":{"line":9,"column":0},"end":{"line":9,"column":53}},"8":{"start":{"line":10,"column":0},"end":{"line":10,"column":54}},"9":{"start":{"line":11,"column":0},"end":{"line":11,"column":51}},"10":{"start":{"line":12,"column":0},"end":{"line":12,"column":24}}},"fnMap":{},"branchMap":{},"s":{"0":1,"1":1,"2":1,"3":1,"4":1,"5":1,"6":1,"7":1,"8":1,"9":1,"10":1},"f":{},"b":{},"_coverageSchema":"1a1c01bbd47fc00a2c39e90264f33305004495a9","hash":"1dbefbcaf65c989070addabc14fa8105b36d2a09"}
,"D:\\Projects\\richard_booking_project\\routes\\hotels.js": {"path":"D:\\Projects\\richard_booking_project\\routes\\hotels.js","statementMap":{"0":{"start":{"line":1,"column":16},"end":{"line":1,"column":34}},"1":{"start":{"line":2,"column":15},"end":{"line":2,"column":31}},"2":{"start":{"line":3,"column":25},"end":{"line":3,"column":67}},"3":{"start":{"line":4,"column":17},"end":{"line":4,"column":45}},"4":{"start":{"line":7,"column":26},"end":{"line":9,"column":1}},"5":{"start":{"line":11,"column":0},"end":{"line":11,"column":47}},"6":{"start":{"line":12,"column":0},"end":{"line":12,"column":66}},"7":{"start":{"line":13,"column":0},"end":{"line":13,"column":68}},"8":{"start":{"line":14,"column":0},"end":{"line":14,"column":70}},"9":{"start":{"line":15,"column":0},"end":{"line":15,"column":52}},"10":{"start":{"line":17,"column":0},"end":{"line":17,"column":24}}},"fnMap":{},"branchMap":{},"s":{"0":1,"1":1,"2":1,"3":1,"4":1,"5":1,"6":1,"7":1,"8":1,"9":1,"10":1},"f":{},"b":{},"_coverageSchema":"1a1c01bbd47fc00a2c39e90264f33305004495a9","hash":"e6448d0e364c043bc1e1f11ce11cec5a1c06ae3a"}
,"D:\\Projects\\richard_booking_project\\routes\\index.js": {"path":"D:\\Projects\\richard_booking_project\\routes\\index.js","statementMap":{"0":{"start":{"line":1,"column":16},"end":{"line":1,"column":34}},"1":{"start":{"line":2,"column":18},"end":{"line":2,"column":47}},"2":{"start":{"line":3,"column":22},"end":{"line":3,"column":42}},"3":{"start":{"line":4,"column":21},"end":{"line":4,"column":40}},"4":{"start":{"line":5,"column":20},"end":{"line":5,"column":38}},"5":{"start":{"line":7,"column":21},"end":{"line":11,"column":2}},"6":{"start":{"line":14,"column":0},"end":{"line":21,"column":1}},"7":{"start":{"line":15,"column":4},"end":{"line":15,"column":42}},"8":{"start":{"line":16,"column":4},"end":{"line":16,"column":28}},"9":{"start":{"line":17,"column":4},"end":{"line":17,"column":52}},"10":{"start":{"line":18,"column":4},"end":{"line":18,"column":39}},"11":{"start":{"line":19,"column":4},"end":{"line":19,"column":37}},"12":{"start":{"line":20,"column":4},"end":{"line":20,"column":35}}},"fnMap":{"0":{"name":"(anonymous_0)","decl":{"start":{"line":14,"column":17},"end":{"line":14,"column":18}},"loc":{"start":{"line":14,"column":26},"end":{"line":21,"column":1}},"line":14}},"branchMap":{},"s":{"0":1,"1":1,"2":1,"3":1,"4":1,"5":1,"6":1,"7":1,"8":1,"9":1,"10":1,"11":1,"12":1},"f":{"0":1},"b":{},"_coverageSchema":"1a1c01bbd47fc00a2c39e90264f33305004495a9","hash":"e48674140493ee8b17e3a804d4d69af751ca22c2"}
,"D:\\Projects\\richard_booking_project\\routes\\users.js": {"path":"D:\\Projects\\richard_booking_project\\routes\\users.js","statementMap":{"0":{"start":{"line":1,"column":16},"end":{"line":1,"column":34}},"1":{"start":{"line":2,"column":15},"end":{"line":2,"column":31}},"2":{"start":{"line":3,"column":24},"end":{"line":3,"column":65}},"3":{"start":{"line":4,"column":13},"end":{"line":4,"column":43}},"4":{"start":{"line":9,"column":0},"end":{"line":9,"column":47}},"5":{"start":{"line":10,"column":0},"end":{"line":10,"column":47}},"6":{"start":{"line":11,"column":0},"end":{"line":11,"column":57}},"7":{"start":{"line":12,"column":0},"end":{"line":12,"column":56}},"8":{"start":{"line":13,"column":0},"end":{"line":13,"column":57}},"9":{"start":{"line":15,"column":0},"end":{"line":15,"column":24}}},"fnMap":{},"branchMap":{},"s":{"0":1,"1":1,"2":1,"3":1,"4":1,"5":1,"6":1,"7":1,"8":1,"9":1},"f":{},"b":{},"_coverageSchema":"1a1c01bbd47fc00a2c39e90264f33305004495a9","hash":"90223f17fc5e3def1ea60b6401198de696a063f5"}
,"D:\\Projects\\richard_booking_project\\utils\\databasePath.js": {"path":"D:\\Projects\\richard_booking_project\\utils\\databasePath.js","statementMap":{"0":{"start":{"line":1,"column":0},"end":{"line":15,"column":1}},"1":{"start":{"line":2,"column":23},"end":{"line":2,"column":49}},"2":{"start":{"line":3,"column":4},"end":{"line":3,"column":77}},"3":{"start":{"line":3,"column":40},"end":{"line":3,"column":77}},"4":{"start":{"line":6,"column":4},"end":{"line":11,"column":5}},"5":{"start":{"line":7,"column":8},"end":{"line":7,"column":167}},"6":{"start":{"line":10,"column":8},"end":{"line":10,"column":93}},"7":{"start":{"line":13,"column":4},"end":{"line":13,"column":15}}},"fnMap":{"0":{"name":"(anonymous_0)","decl":{"start":{"line":1,"column":17},"end":{"line":1,"column":18}},"loc":{"start":{"line":1,"column":23},"end":{"line":15,"column":1}},"line":1}},"branchMap":{"0":{"loc":{"start":{"line":3,"column":4},"end":{"line":3,"column":77}},"type":"if","locations":[{"start":{"line":3,"column":4},"end":{"line":3,"column":77}},{"start":{},"end":{}}],"line":3},"1":{"loc":{"start":{"line":6,"column":4},"end":{"line":11,"column":5}},"type":"if","locations":[{"start":{"line":6,"column":4},"end":{"line":11,"column":5}},{"start":{"line":9,"column":8},"end":{"line":11,"column":5}}],"line":6}},"s":{"0":1,"1":3,"2":3,"3":3,"4":3,"5":3,"6":0,"7":3},"f":{"0":3},"b":{"0":[3,0],"1":[3,0]},"_coverageSchema":"1a1c01bbd47fc00a2c39e90264f33305004495a9","hash":"040839e2a77f5388a9a2bd6c4e4e5c58f88e88b7"}
,"D:\\Projects\\richard_booking_project\\utils\\errors.js": {"path":"D:\\Projects\\richard_booking_project\\utils\\errors.js","statementMap":{"0":{"start":{"line":3,"column":8},"end":{"line":3,"column":23}},"1":{"start":{"line":4,"column":8},"end":{"line":4,"column":37}},"2":{"start":{"line":5,"column":8},"end":{"line":5,"column":56}},"3":{"start":{"line":11,"column":8},"end":{"line":11,"column":28}},"4":{"start":{"line":12,"column":8},"end":{"line":12,"column":30}},"5":{"start":{"line":13,"column":8},"end":{"line":13,"column":37}},"6":{"start":{"line":19,"column":8},"end":{"line":19,"column":28}},"7":{"start":{"line":20,"column":8},"end":{"line":20,"column":35}},"8":{"start":{"line":26,"column":8},"end":{"line":26,"column":28}},"9":{"start":{"line":27,"column":8},"end":{"line":27,"column":35}},"10":{"start":{"line":33,"column":8},"end":{"line":33,"column":28}},"11":{"start":{"line":34,"column":8},"end":{"line":34,"column":31}},"12":{"start":{"line":40,"column":8},"end":{"line":40,"column":28}},"13":{"start":{"line":41,"column":8},"end":{"line":41,"column":36}},"14":{"start":{"line":47,"column":8},"end":{"line":47,"column":28}},"15":{"start":{"line":48,"column":8},"end":{"line":48,"column":37}},"16":{"start":{"line":52,"column":0},"end":{"line":60,"column":1}}},"fnMap":{"0":{"name":"(anonymous_0)","decl":{"start":{"line":2,"column":4},"end":{"line":2,"column":5}},"loc":{"start":{"line":2,"column":42},"end":{"line":6,"column":5}},"line":2},"1":{"name":"(anonymous_1)","decl":{"start":{"line":10,"column":4},"end":{"line":10,"column":5}},"loc":{"start":{"line":10,"column":55},"end":{"line":14,"column":5}},"line":10},"2":{"name":"(anonymous_2)","decl":{"start":{"line":18,"column":4},"end":{"line":18,"column":5}},"loc":{"start":{"line":18,"column":54},"end":{"line":21,"column":5}},"line":18},"3":{"name":"(anonymous_3)","decl":{"start":{"line":25,"column":4},"end":{"line":25,"column":5}},"loc":{"start":{"line":25,"column":47},"end":{"line":28,"column":5}},"line":25},"4":{"name":"(anonymous_4)","decl":{"start":{"line":32,"column":4},"end":{"line":32,"column":5}},"loc":{"start":{"line":32,"column":50},"end":{"line":35,"column":5}},"line":32},"5":{"name":"(anonymous_5)","decl":{"start":{"line":39,"column":4},"end":{"line":39,"column":5}},"loc":{"start":{"line":39,"column":38},"end":{"line":42,"column":5}},"line":39},"6":{"name":"(anonymous_6)","decl":{"start":{"line":46,"column":4},"end":{"line":46,"column":5}},"loc":{"start":{"line":46,"column":40},"end":{"line":49,"column":5}},"line":46}},"branchMap":{"0":{"loc":{"start":{"line":2,"column":25},"end":{"line":2,"column":41}},"type":"default-arg","locations":[{"start":{"line":2,"column":38},"end":{"line":2,"column":41}}],"line":2},"1":{"loc":{"start":{"line":10,"column":25},"end":{"line":10,"column":54}},"type":"default-arg","locations":[{"start":{"line":10,"column":35},"end":{"line":10,"column":54}}],"line":10},"2":{"loc":{"start":{"line":18,"column":16},"end":{"line":18,"column":53}},"type":"default-arg","locations":[{"start":{"line":18,"column":26},"end":{"line":18,"column":53}}],"line":18},"3":{"loc":{"start":{"line":25,"column":16},"end":{"line":25,"column":46}},"type":"default-arg","locations":[{"start":{"line":25,"column":26},"end":{"line":25,"column":46}}],"line":25},"4":{"loc":{"start":{"line":32,"column":16},"end":{"line":32,"column":49}},"type":"default-arg","locations":[{"start":{"line":32,"column":26},"end":{"line":32,"column":49}}],"line":32},"5":{"loc":{"start":{"line":39,"column":16},"end":{"line":39,"column":37}},"type":"default-arg","locations":[{"start":{"line":39,"column":26},"end":{"line":39,"column":37}}],"line":39},"6":{"loc":{"start":{"line":46,"column":16},"end":{"line":46,"column":39}},"type":"default-arg","locations":[{"start":{"line":46,"column":26},"end":{"line":46,"column":39}}],"line":46}},"s":{"0":1,"1":1,"2":1,"3":0,"4":0,"5":0,"6":0,"7":0,"8":0,"9":0,"10":0,"11":0,"12":0,"13":0,"14":1,"15":1,"16":2},"f":{"0":1,"1":0,"2":0,"3":0,"4":0,"5":0,"6":1},"b":{"0":[0],"1":[0],"2":[0],"3":[0],"4":[0],"5":[0],"6":[0]},"_coverageSchema":"1a1c01bbd47fc00a2c39e90264f33305004495a9","hash":"401af921cccae349fe3ae1d734e13dfab1a173b0"}
,"D:\\Projects\\richard_booking_project\\utils\\fileUtils.js": {"path":"D:\\Projects\\richard_booking_project\\utils\\fileUtils.js","statementMap":{"0":{"start":{"line":1,"column":11},"end":{"line":1,"column":24}},"1":{"start":{"line":5,"column":4},"end":{"line":13,"column":5}},"2":{"start":{"line":6,"column":21},"end":{"line":6,"column":56}},"3":{"start":{"line":7,"column":8},"end":{"line":7,"column":32}},"4":{"start":{"line":9,"column":8},"end":{"line":11,"column":9}},"5":{"start":{"line":10,"column":12},"end":{"line":10,"column":22}},"6":{"start":{"line":12,"column":8},"end":{"line":12,"column":20}},"7":{"start":{"line":31,"column":4},"end":{"line":36,"column":5}},"8":{"start":{"line":32,"column":8},"end":{"line":32,"column":67}},"9":{"start":{"line":33,"column":8},"end":{"line":33,"column":32}},"10":{"start":{"line":35,"column":8},"end":{"line":35,"column":20}},"11":{"start":{"line":46,"column":0},"end":{"line":49,"column":2}}},"fnMap":{"0":{"name":"readData","decl":{"start":{"line":3,"column":15},"end":{"line":3,"column":23}},"loc":{"start":{"line":3,"column":44},"end":{"line":28,"column":1}},"line":3},"1":{"name":"writeData","decl":{"start":{"line":30,"column":15},"end":{"line":30,"column":24}},"loc":{"start":{"line":30,"column":51},"end":{"line":44,"column":1}},"line":30}},"branchMap":{"0":{"loc":{"start":{"line":9,"column":8},"end":{"line":11,"column":9}},"type":"if","locations":[{"start":{"line":9,"column":8},"end":{"line":11,"column":9}},{"start":{},"end":{}}],"line":9}},"s":{"0":1,"1":0,"2":0,"3":0,"4":0,"5":0,"6":0,"7":0,"8":0,"9":0,"10":0,"11":1},"f":{"0":0,"1":0},"b":{"0":[0,0]},"_coverageSchema":"1a1c01bbd47fc00a2c39e90264f33305004495a9","hash":"a9c8ed2f900d47a91063fb52bf6046a0e80dd223"}
,"D:\\Projects\\richard_booking_project\\utils\\logger.js": {"path":"D:\\Projects\\richard_booking_project\\utils\\logger.js","statementMap":{"0":{"start":{"line":1,"column":16},"end":{"line":1,"column":34}},"1":{"start":{"line":2,"column":0},"end":{"line":2,"column":26}},"2":{"start":{"line":3,"column":19},"end":{"line":3,"column":26}},"3":{"start":{"line":4,"column":48},"end":{"line":4,"column":54}},"4":{"start":{"line":7,"column":22},"end":{"line":10,"column":2}},"5":{"start":{"line":8,"column":14},"end":{"line":8,"column":51}},"6":{"start":{"line":9,"column":2},"end":{"line":9,"column":42}},"7":{"start":{"line":13,"column":15},"end":{"line":30,"column":2}},"8":{"start":{"line":32,"column":0},"end":{"line":32,"column":24}}},"fnMap":{"0":{"name":"(anonymous_0)","decl":{"start":{"line":7,"column":29},"end":{"line":7,"column":30}},"loc":{"start":{"line":7,"column":71},"end":{"line":10,"column":1}},"line":7}},"branchMap":{"0":{"loc":{"start":{"line":9,"column":9},"end":{"line":9,"column":41}},"type":"cond-expr","locations":[{"start":{"line":9,"column":17},"end":{"line":9,"column":35}},{"start":{"line":9,"column":38},"end":{"line":9,"column":41}}],"line":9}},"s":{"0":1,"1":1,"2":1,"3":1,"4":1,"5":4,"6":4,"7":1,"8":1},"f":{"0":4},"b":{"0":[1,3]},"_coverageSchema":"1a1c01bbd47fc00a2c39e90264f33305004495a9","hash":"5948d15e408d9ebba5f28db9de7e955f91b2ed33"}
}
