TN:
SF:middlewares\session.js
FN:3,getCountryFromIP
FN:12,createSession
FN:13,(anonymous_2)
FN:20,(anonymous_3)
FNF:4
FNH:1
FNDA:1,getCountryFromIP
FNDA:0,createSession
FNDA:0,(anonymous_2)
FNDA:0,(anonymous_3)
DA:1,1
DA:2,1
DA:4,1
DA:5,1
DA:6,1
DA:8,0
DA:13,0
DA:14,0
DA:15,0
DA:16,0
DA:17,0
DA:20,0
DA:21,0
DA:23,0
DA:24,0
DA:25,0
DA:26,0
DA:27,0
DA:28,0
DA:29,0
DA:31,0
DA:37,1
LF:22
LH:6
BRDA:6,0,0,1
BRDA:6,0,1,1
BRDA:15,1,0,0
BRDA:15,1,1,0
BRDA:16,2,0,0
BRDA:16,2,1,0
BRDA:21,3,0,0
BRDA:21,3,1,0
BRF:8
BRH:2
end_of_record
TN:
SF:utils\errors.js
FN:2,(anonymous_0)
FN:10,(anonymous_1)
FN:18,(anonymous_2)
FN:25,(anonymous_3)
FN:32,(anonymous_4)
FN:39,(anonymous_5)
FN:46,(anonymous_6)
FNF:7
FNH:0
FNDA:0,(anonymous_0)
FNDA:0,(anonymous_1)
FNDA:0,(anonymous_2)
FNDA:0,(anonymous_3)
FNDA:0,(anonymous_4)
FNDA:0,(anonymous_5)
FNDA:0,(anonymous_6)
DA:3,0
DA:4,0
DA:5,0
DA:11,0
DA:12,0
DA:13,0
DA:19,0
DA:20,0
DA:26,0
DA:27,0
DA:33,0
DA:34,0
DA:40,0
DA:41,0
DA:47,0
DA:48,0
DA:52,1
LF:17
LH:1
BRDA:2,0,0,0
BRDA:10,1,0,0
BRDA:18,2,0,0
BRDA:25,3,0,0
BRDA:32,4,0,0
BRDA:39,5,0,0
BRDA:46,6,0,0
BRF:7
BRH:0
end_of_record
